<html>
<head>
<title>TestNG:   [BS-01]  HS lead proposal project cycle</title>
<link href="../testng.css" rel="stylesheet" type="text/css" />
<link href="../my-testng.css" rel="stylesheet" type="text/css" />

<style type="text/css">
.log { display: none;} 
.stack-trace { display: none;} 
</style>
<script type="text/javascript">
<!--
function flip(e) {
  current = e.style.display;
  if (current == 'block') {
    e.style.display = 'none';
    return 0;
  }
  else {
    e.style.display = 'block';
    return 1;
  }
}

function toggleBox(szDivId, elem, msg1, msg2)
{
  var res = -1;  if (document.getElementById) {
    res = flip(document.getElementById(szDivId));
  }
  else if (document.all) {
    // this is the way old msie versions work
    res = flip(document.all[szDivId]);
  }
  if(elem) {
    if(res == 0) elem.innerHTML = msg1; else elem.innerHTML = msg2;
  }

}

function toggleAllBoxes() {
  if (document.getElementsByTagName) {
    d = document.getElementsByTagName('div');
    for (i = 0; i < d.length; i++) {
      if (d[i].className == 'log') {
        flip(d[i]);
      }
    }
  }
}

// -->
</script>

</head>
<body>
<h2 align='center'> [BS-01]  HS lead proposal project cycle</h2><table border='1' align="center">
<tr>
<td>Tests passed/Failed/Skipped:</td><td>0/0/1</td>
</tr><tr>
<td>Started on:</td><td>Mon Jul 25 13:48:32 IST 2022</td>
</tr>
<tr><td>Total time:</td><td>0 seconds (2 ms)</td>
</tr><tr>
<td>Included groups:</td><td></td>
</tr><tr>
<td>Excluded groups:</td><td></td>
</tr>
</table><p/>
<small><i>(Hover the method name to see the test class name)</i></small><p/>
<table width='100%' border='1' class='invocation-skipped'>
<tr><td colspan='4' align='center'><b>SKIPPED CONFIGURATIONS</b></td></tr>
<tr><td><b>Test method</b></td>
<td width="30%"><b>Exception</b></td>
<td width="10%"><b>Time (seconds)</b></td>
<td><b>Instance</b></td>
</tr>
<tr>
<td title='nsf.ecap.Health_Science_suite.HS_lead_proposal_project_cycle.checkSuiteSkip()'><b>checkSuiteSkip</b><br>Test class: nsf.ecap.Health_Science_suite.HS_lead_proposal_project_cycle</td>
<td><div><pre>org.testng.SkipException: Runmode of Health_Science_suite set to no. So Skipping all tests in Health_Science_suite
	at nsf.ecap.Health_Science_suite.TestSuiteBase_HealthScience.checkSuiteSkip(TestSuiteBase_HealthScience.java:68)
... Removed 24 stack frames</pre></div><a href='#' onClick='toggleBox("stack-trace521331027", this, "Click to show all stack frames", "Click to hide stack frames")'>Click to show all stack frames</a>
<div class='stack-trace' id='stack-trace521331027'><pre>org.testng.SkipException: Runmode of Health_Science_suite set to no. So Skipping all tests in Health_Science_suite
	at nsf.ecap.Health_Science_suite.TestSuiteBase_HealthScience.checkSuiteSkip(TestSuiteBase_HealthScience.java:68)
	at sun.reflect.NativeMethodAccessorImpl.invoke0(Native Method)
	at sun.reflect.NativeMethodAccessorImpl.invoke(NativeMethodAccessorImpl.java:62)
	at sun.reflect.DelegatingMethodAccessorImpl.invoke(DelegatingMethodAccessorImpl.java:43)
	at java.lang.reflect.Method.invoke(Method.java:498)
	at org.testng.internal.MethodInvocationHelper.invokeMethod(MethodInvocationHelper.java:133)
	at org.testng.internal.MethodInvocationHelper.invokeMethodConsideringTimeout(MethodInvocationHelper.java:62)
	at org.testng.internal.ConfigInvoker.invokeConfigurationMethod(ConfigInvoker.java:385)
	at org.testng.internal.ConfigInvoker.invokeConfigurations(ConfigInvoker.java:321)
	at org.testng.SuiteRunner.privateRun(SuiteRunner.java:317)
	at org.testng.SuiteRunner.run(SuiteRunner.java:276)
	at org.testng.SuiteRunnerWorker.runSuite(SuiteRunnerWorker.java:53)
	at org.testng.SuiteRunnerWorker.run(SuiteRunnerWorker.java:96)
	at org.testng.TestNG.runSuitesSequentially(TestNG.java:1212)
	at org.testng.TestNG.runSuitesSequentially(TestNG.java:1207)
	at org.testng.TestNG.runSuitesLocally(TestNG.java:1134)
	at org.testng.TestNG.runSuites(TestNG.java:1063)
	at org.testng.TestNG.run(TestNG.java:1031)
	at org.apache.maven.surefire.testng.TestNGExecutor.run(TestNGExecutor.java:324)
	at org.apache.maven.surefire.testng.TestNGXmlTestSuite.execute(TestNGXmlTestSuite.java:74)
	at org.apache.maven.surefire.testng.TestNGProvider.invoke(TestNGProvider.java:123)
	at org.apache.maven.surefire.booter.ForkedBooter.runSuitesInProcess(ForkedBooter.java:456)
	at org.apache.maven.surefire.booter.ForkedBooter.execute(ForkedBooter.java:169)
	at org.apache.maven.surefire.booter.ForkedBooter.run(ForkedBooter.java:595)
	at org.apache.maven.surefire.booter.ForkedBooter.main(ForkedBooter.java:581)
</pre></div></td>
<td>0</td>
<td>nsf.ecap.Health_Science_suite.HS_lead_proposal_project_cycle@4b0b0854</td></tr>
<tr>
<td title='nsf.ecap.Health_Science_suite.HS_lead_proposal_project_cycle.checkTestSkip()'><b>checkTestSkip</b><br>Test class: nsf.ecap.Health_Science_suite.HS_lead_proposal_project_cycle</td>
<td></td>
<td>-1658737112</td>
<td>nsf.ecap.Health_Science_suite.HS_lead_proposal_project_cycle@4b0b0854</td></tr>
<tr>
<td title='nsf.ecap.Health_Science_suite.HS_lead_proposal_project_cycle.closebrowser()'><b>closebrowser</b><br>Test class: nsf.ecap.Health_Science_suite.HS_lead_proposal_project_cycle</td>
<td></td>
<td>-1658737112</td>
<td>nsf.ecap.Health_Science_suite.HS_lead_proposal_project_cycle@4b0b0854</td></tr>
<tr>
<td title='nsf.ecap.Health_Science_suite.HS_lead_proposal_project_cycle.reportDataSetResult()'><b>reportDataSetResult</b><br>Test class: nsf.ecap.Health_Science_suite.HS_lead_proposal_project_cycle</td>
<td></td>
<td>-1658737112</td>
<td>nsf.ecap.Health_Science_suite.HS_lead_proposal_project_cycle@4b0b0854</td></tr>
<tr>
<td title='nsf.ecap.Health_Science_suite.HS_lead_proposal_project_cycle.reportTestResult()'><b>reportTestResult</b><br>Test class: nsf.ecap.Health_Science_suite.HS_lead_proposal_project_cycle</td>
<td></td>
<td>-1658737112</td>
<td>nsf.ecap.Health_Science_suite.HS_lead_proposal_project_cycle@4b0b0854</td></tr>
</table><p>
<table width='100%' border='1' class='invocation-skipped'>
<tr><td colspan='4' align='center'><b>SKIPPED TESTS</b></td></tr>
<tr><td><b>Test method</b></td>
<td width="30%"><b>Exception</b></td>
<td width="10%"><b>Time (seconds)</b></td>
<td><b>Instance</b></td>
</tr>
<tr>
<td title='nsf.ecap.Health_Science_suite.HS_lead_proposal_project_cycle.HS_flow()'><b>HS_flow</b><br>Test class: nsf.ecap.Health_Science_suite.HS_lead_proposal_project_cycle<br>Parameters: {Rate_per_Hour=5, Client-- it is client name (some part,not exectly whole)  using this in matching facility name in further code while adding data at Facilities tab=, HSLoginAsName=mwalters, End=, Status=InProcess, AdminLogin=mwalters, FacCode=, Empty for later use=, Email=appsupport@nsf.org, Project_Name=Test_Project_Name, Last_Name=Test_LastName, Client_old=AutoTest Client--Bella Foods, Client=AutoTest Client, TaskTypeName=AUDIT,CONSULT, Org_Unit=ORGU0500 - NSF Health Science US, Results=PASS, S_No=1.0, First_Name=Test_FirstName, AssignedResource=Not using this, Project_Division=Medical Devices - Libertyville, Auto_Create_PL_same_as_CO=Yes, Timesheets_submitted_waiting_for_Approval=Timesheets submitted, waiting for Approval, Project_FacCode=, Schedule_Start=, Runmode=Y, Country=United States, Cost_per_Hour=5, Project_StandardCode=HSPHARMA, LeadType=Consulting - Regulatory Strategy, Submission, Support, State=Massachusetts, PrimaryContactDetails_Phone=123456, Logged_Hours=8, Prop_Resource=113441, Address_Line_1=Test_Address_Line_1, Client_no=C0125959, Schedule_End=, Type=CO, StandardCode=HSMD, BillToOffice=NSFUSA, Postal_Code=123456}</td>
<td><div><pre>org.testng.SkipException: Runmode of Health_Science_suite set to no. So Skipping all tests in Health_Science_suite
	at nsf.ecap.Health_Science_suite.TestSuiteBase_HealthScience.checkSuiteSkip(TestSuiteBase_HealthScience.java:68)
... Removed 24 stack frames</pre></div><a href='#' onClick='toggleBox("stack-trace559998250", this, "Click to show all stack frames", "Click to hide stack frames")'>Click to show all stack frames</a>
<div class='stack-trace' id='stack-trace559998250'><pre>org.testng.SkipException: Runmode of Health_Science_suite set to no. So Skipping all tests in Health_Science_suite
	at nsf.ecap.Health_Science_suite.TestSuiteBase_HealthScience.checkSuiteSkip(TestSuiteBase_HealthScience.java:68)
	at sun.reflect.NativeMethodAccessorImpl.invoke0(Native Method)
	at sun.reflect.NativeMethodAccessorImpl.invoke(NativeMethodAccessorImpl.java:62)
	at sun.reflect.DelegatingMethodAccessorImpl.invoke(DelegatingMethodAccessorImpl.java:43)
	at java.lang.reflect.Method.invoke(Method.java:498)
	at org.testng.internal.MethodInvocationHelper.invokeMethod(MethodInvocationHelper.java:133)
	at org.testng.internal.MethodInvocationHelper.invokeMethodConsideringTimeout(MethodInvocationHelper.java:62)
	at org.testng.internal.ConfigInvoker.invokeConfigurationMethod(ConfigInvoker.java:385)
	at org.testng.internal.ConfigInvoker.invokeConfigurations(ConfigInvoker.java:321)
	at org.testng.SuiteRunner.privateRun(SuiteRunner.java:317)
	at org.testng.SuiteRunner.run(SuiteRunner.java:276)
	at org.testng.SuiteRunnerWorker.runSuite(SuiteRunnerWorker.java:53)
	at org.testng.SuiteRunnerWorker.run(SuiteRunnerWorker.java:96)
	at org.testng.TestNG.runSuitesSequentially(TestNG.java:1212)
	at org.testng.TestNG.runSuitesSequentially(TestNG.java:1207)
	at org.testng.TestNG.runSuitesLocally(TestNG.java:1134)
	at org.testng.TestNG.runSuites(TestNG.java:1063)
	at org.testng.TestNG.run(TestNG.java:1031)
	at org.apache.maven.surefire.testng.TestNGExecutor.run(TestNGExecutor.java:324)
	at org.apache.maven.surefire.testng.TestNGXmlTestSuite.execute(TestNGXmlTestSuite.java:74)
	at org.apache.maven.surefire.testng.TestNGProvider.invoke(TestNGProvider.java:123)
	at org.apache.maven.surefire.booter.ForkedBooter.runSuitesInProcess(ForkedBooter.java:456)
	at org.apache.maven.surefire.booter.ForkedBooter.execute(ForkedBooter.java:169)
	at org.apache.maven.surefire.booter.ForkedBooter.run(ForkedBooter.java:595)
	at org.apache.maven.surefire.booter.ForkedBooter.main(ForkedBooter.java:581)
</pre></div></td>
<td>0</td>
<td>nsf.ecap.Health_Science_suite.HS_lead_proposal_project_cycle@4b0b0854</td></tr>
</table><p>
</body>
</html>