<h2>Reporter output</h2><table><tr><td>16-06-2022 10:11:02 AM  @@  ----batchStartExecutionTime 's value is --16-06-22  10:11:02 AM</td></tr>
<tr><td>Current running IP address of machine is--INDEL-L-4B3JDM3/192.168.1.21</td></tr>
<tr><td>Start Execution time passed in fnpCreateXMLFile is--10_11_02 AM</td></tr>
<tr><td>========================================================================================================================================</td></tr>
<tr><td>Skipped 'IssueMgt_Suite' as the runmode was set to NO</td></tr>
<tr><td> </td></tr>
<tr><td>16-06-2022 10:11:20  </td></tr>
<tr><td>16-06-2022 10:11:20  ############################################################# IM Suite END ############################################################ </td></tr>
<tr><td>16-06-2022 10:11:20  =========================================================================================================================================</td></tr>
<tr><td>16-06-2022 10:11:20  </td></tr>
<tr><td>16-06-2022 10:11:25  =========================================================================================================================================</td></tr>
<tr><td>16-06-2022 10:11:25  ################################## [BS - 01]  CreateClient</td></tr>
<tr><td>16-06-2022 10:11:27  Application credentials are URL[ https://testapps.nsf.org/trunkecap/index.jsp ], UserName[ testscriptuser ].</td></tr>
<tr><td>16-06-2022 10:11:34  PASSED == Element is Visible having Xpath  >> //input[@name='loginfmt']</td></tr>
<tr><td>16-06-2022 10:11:34  PASSED == Successfully Type Value<testscriptuser@nsf.org> on Element having Xpath  >> MicrosoftOnline_Signin_Input</td></tr>
<tr><td>16-06-2022 10:11:34  PASSED == Element is Visible having Xpath  >> //input[@type='submit']</td></tr>
<tr><td>16-06-2022 10:11:34  PASSED == Click done on Element having Xpath >> //input[@type='submit']</td></tr>
<tr><td>16-06-2022 10:11:39  PASSED == ********* Successfulluy Executed the Autoit script for SSO login having exe file path [ C:\Users\antyagi\Documents\AzureDevopsPipeline\i-Pulse\AutoIt_scripts\sso_chrome.exe ]</td></tr>
<tr><td>16-06-2022 10:12:10  *********  Pause/Wait is for < 1 > seconds.  *****  </td></tr>
<tr><td>16-06-2022 10:12:10  PASSED == Element is Visible having Xpath  >> Acknowledge_bttn</td></tr>
<tr><td>16-06-2022 10:12:13  PASSED == Successfully Click on Element having Xpath >> Acknowledge_bttn</td></tr>
<tr><td>16-06-2022 10:12:18  *********  Pause/Wait is for < 4 > seconds.  *****  </td></tr>
<tr><td>16-06-2022 10:12:19  PASSED == Element is Visible having Xpath  >> .//*[@id='footer']</td></tr>
<tr><td>16-06-2022 10:12:20  PASSED == Element is Visible having Xpath  >> .//*[@id='headerForm:logImg']</td></tr>
<tr><td>16-06-2022 10:12:23  PASSED == Successfully Click on Element having Xpath >> Ipulse_Version_Dialog_Close_Bttn</td></tr>
<tr><td>16-06-2022 10:12:24  Browser is launched and Successfully login into Application</td></tr>
<tr><td>16-06-2022 10:12:24  =========================================================================================================================================</td></tr>
<tr><td>16-06-2022 10:12:24  ****************************************************************************************************************************************</td></tr>
<tr><td>16-06-2022 10:12:24  ################################## Execution Logs of  Case#=1_a for Scenario [CreateClient_ORG_CO].</td></tr>
<tr><td>16-06-2022 10:12:24  ###################################################### Test Case#=1_a for Scenario [CreateClient_ORG_CO]</td></tr>
<tr><td>16-06-2022 10:12:24  PASSED == Element is Visible having Xpath  >> Menu_Ajax_Link</td></tr>
<tr><td>16-06-2022 10:12:25  PASSED == Element is Visible having Xpath  >> CreateClient_Ajax_Link</td></tr>
<tr><td>16-06-2022 10:12:26  PASSED == Successfully Click on 'Create Client' Ajax Link.</td></tr>
<tr><td>16-06-2022 10:12:33  *********  Pause/Wait is for < 1 > seconds.  *****  </td></tr>
<tr><td>16-06-2022 10:12:33  PASSED == Element is Visible having Xpath  >> .//*[@id='mainForm:prprogcode']/div[3]/span</td></tr>
<tr><td>16-06-2022 10:12:33  PASSED == Click done on Element having Xpath >> .//*[@id='mainForm:prprogcode']/div[3]/span</td></tr>
<tr><td>16-06-2022 10:12:35  PASSED == Element is Visible having Xpath  >> //li[text()='ORGU0020 - Water Treatment Devices']</td></tr>
<tr><td>16-06-2022 10:12:35  PASSED == select value [ ORGU0020 - Water Treatment Devices ] from drop down done, having xpath >>  .//*[@id='mainForm:prprogcode']/div[3]/span</td></tr>
<tr><td>16-06-2022 10:12:38  *********  Pause/Wait is for < 1 > seconds.  *****  </td></tr>
<tr><td>16-06-2022 10:12:38  PASSED == Element is Visible having Xpath  >> CreateClient_ClientInfo_Name</td></tr>
<tr><td>16-06-2022 10:12:38  PASSED == Successfully Type Value<Test Script CO> on Element having Xpath  >> CreateClient_ClientInfo_Name</td></tr>
<tr><td>16-06-2022 10:12:39  PASSED == Successfully Click on Element having Xpath >> CreateClient_ClientInfo_Type_DD_Click</td></tr>
<tr><td>16-06-2022 10:12:39  PASSED == Element is Visible having Xpath  >> CreateClient_ClientInfo_Type_DD_Value</td></tr>
<tr><td>16-06-2022 10:12:39  PASSED == Successfully select value [ CO ] from drop down, having xpath >>  CreateClient_ClientInfo_Type_DD_Click</td></tr>
<tr><td>16-06-2022 10:12:39  PASSED == Successfully Type Value<AutomationTest CO> on Element having Xpath  >> CreateClient_ClientAddress_AddressLine1</td></tr>
<tr><td>16-06-2022 10:12:39  PASSED == Successfully Type Value<D/T=16Jun22/10:12 IST> on Element having Xpath  >> CreateClient_ClientAddress_AddressLine2</td></tr>
<tr><td>16-06-2022 10:12:39  PASSED == Successfully Type Value<Ann Arbor> on Element having Xpath  >> CreateClient_ClientAddress_City</td></tr>
<tr><td>16-06-2022 10:12:39  PASSED == Successfully Click on Element having Xpath >> CreateClient_ClientAddress_State_DD_Click</td></tr>
<tr><td>16-06-2022 10:12:40  PASSED == Element is Visible having Xpath  >> CreateClient_ClientAddress_State_DD_Value</td></tr>
<tr><td>16-06-2022 10:12:40  PASSED == Successfully select value [ Massachusetts ] from drop down, having xpath >>  CreateClient_ClientAddress_State_DD_Click</td></tr>
<tr><td>16-06-2022 10:12:42  *********  Progressing Loading image is displayed for < 1 > seconds.</td></tr>
<tr><td>16-06-2022 10:12:42  PASSED == Element is Visible having Xpath  >> CreateClient_ClientAddress_Postal</td></tr>
<tr><td>16-06-2022 10:12:42  PASSED == Successfully Type Value<16062022> on Element having Xpath  >> CreateClient_ClientAddress_Postal</td></tr>
<tr><td>16-06-2022 10:12:42  PASSED == Successfully Type Value<222-222-2222> on Element having Xpath  >> CreateClient_ClientAddress_Primary_Phone</td></tr>
<tr><td>16-06-2022 10:12:43  PASSED == Successfully Type Value<AutomationTest@nsf.org> on Element having Xpath  >> CreateClient_ClientAddress_ContactEmail</td></tr>
<tr><td>16-06-2022 10:12:43  PASSED == Successfully Type Value<COTestFName> on Element having Xpath  >> CreateClient_PrimaryContactDetails_FirstName</td></tr>
<tr><td>16-06-2022 10:12:43  PASSED == Successfully Type Value<COTestLName> on Element having Xpath  >> CreateClient_PrimaryContactDetails_LastName</td></tr>
<tr><td>16-06-2022 10:12:43  PASSED == Successfully Type Value<AutomationTest@nsf.org> on Element having Xpath  >> CreateClient_PrimaryContactDetails_Email</td></tr>
<tr><td>16-06-2022 10:12:43  PASSED == Successfully Type Value<333-333-3333> on Element having Xpath  >> CreateClient_PrimaryContactDetails_Phone</td></tr>
<tr><td>16-06-2022 10:12:43  PASSED == Successfully Click on Element having Xpath >> CreateClient_PrimaryContactDetails_BillToOffice_Dd_Click</td></tr>
<tr><td>16-06-2022 10:12:44  PASSED == Element is Visible having Xpath  >> CreateClient_PrimaryContactDetails_BillToOffice_Dd_Value</td></tr>
<tr><td>16-06-2022 10:12:44  PASSED == Successfully select value [ NSFUSA ] from drop down, having xpath >>  CreateClient_PrimaryContactDetails_BillToOffice_Dd_Click</td></tr>
<tr><td>16-06-2022 10:12:47  *********  Pause/Wait is for < 1 > seconds.  *****  </td></tr>
<tr><td>16-06-2022 10:12:47  PASSED == Successfully Click on Element having Xpath >> CreateClient_AccountManager_LookUp_Bttn</td></tr>
<tr><td>16-06-2022 10:12:49  *********  Progressing Loading image is displayed for < 1 > seconds.</td></tr>
<tr><td>16-06-2022 10:12:49  PASSED == Successfully Type Value<M7890000> on Element having Xpath  >> CreateClient_AccountManager_LookUp_Bttn_Text</td></tr>
<tr><td>16-06-2022 10:12:52  *********  Pause/Wait is for < 1 > seconds.  *****  </td></tr>
<tr><td>16-06-2022 10:12:57  *********  Progressing Loading image is displayed for < 4 > seconds.</td></tr>
<tr><td>16-06-2022 10:12:59  PASSED == Element is Visible having Xpath  >> lookup_select_radio_bttn</td></tr>
<tr><td>16-06-2022 10:13:00  *********  Pause/Wait is for < 1 > seconds.  *****  </td></tr>
<tr><td>16-06-2022 10:13:02  *********  Progressing Loading image is displayed for < 1 > seconds.</td></tr>
<tr><td>16-06-2022 10:13:03  PASSED == Successfully Select Account Manager Lookup  Radio Button</td></tr>
<tr><td>16-06-2022 10:13:05  PASSED == Successfully Click on Element having Xpath >> CreateClient_Create_Bttn</td></tr>
<tr><td>16-06-2022 10:13:09  *********  Progressing Loading image is displayed for < 3 > seconds.</td></tr>
<tr><td>16-06-2022 10:13:09  Getting Un-Expected Application Error <We are sorry...an unexpected error has occurred. Details have been forwarded to the Application Support Team for investigation. If the problem persists, please submit an issue on the Apps Portal.>, please refer screenshot >>UnExpectedError_16.06.2022_10.13.09*****  < //div[@class='blockUI blockOverlay'] >  Exception (java.lang.IllegalArgumentException
	at nsf.ecap.Client_Suite.TestSuiteBase_CLNT.fnsLoading_Progressingwait(TestSuiteBase_CLNT.java:2179)
	at nsf.ecap.Client_Suite.CreateClient.Create_Client_(CreateClient.java:177)
	at sun.reflect.NativeMethodAccessorImpl.invoke0(Native Method)
	at sun.reflect.NativeMethodAccessorImpl.invoke(NativeMethodAccessorImpl.java:62)
	at sun.reflect.DelegatingMethodAccessorImpl.invoke(DelegatingMethodAccessorImpl.java:43)
	at java.lang.reflect.Method.invoke(Method.java:498)
	at org.testng.internal.MethodInvocationHelper.invokeMethod(MethodInvocationHelper.java:133)
	at org.testng.internal.TestInvoker.invokeMethod(TestInvoker.java:598)
	at org.testng.internal.TestInvoker.invokeTestMethod(TestInvoker.java:173)
	at org.testng.internal.MethodRunner.runInSequence(MethodRunner.java:46)
	at org.testng.internal.TestInvoker$MethodInvocationAgent.invoke(TestInvoker.java:824)
	at org.testng.internal.TestInvoker.invokeTestMethods(TestInvoker.java:146)
	at org.testng.internal.TestMethodWorker.invokeTestMethods(TestMethodWorker.java:146)
	at org.testng.internal.TestMethodWorker.run(TestMethodWorker.java:128)
	at java.util.ArrayList.forEach(ArrayList.java:1257)
	at org.testng.TestRunner.privateRun(TestRunner.java:794)
	at org.testng.TestRunner.run(TestRunner.java:596)
	at org.testng.SuiteRunner.runTest(SuiteRunner.java:377)
	at org.testng.SuiteRunner.runSequentially(SuiteRunner.java:371)
	at org.testng.SuiteRunner.privateRun(SuiteRunner.java:332)
	at org.testng.SuiteRunner.run(SuiteRunner.java:276)
	at org.testng.SuiteRunnerWorker.runSuite(SuiteRunnerWorker.java:53)
	at org.testng.SuiteRunnerWorker.run(SuiteRunnerWorker.java:96)
	at org.testng.TestNG.runSuitesSequentially(TestNG.java:1212)
	at org.testng.TestNG.runSuitesSequentially(TestNG.java:1207)
	at org.testng.TestNG.runSuitesLocally(TestNG.java:1134)
	at org.testng.TestNG.runSuites(TestNG.java:1063)
	at org.testng.TestNG.run(TestNG.java:1031)
	at org.testng.remote.AbstractRemoteTestNG.run(AbstractRemoteTestNG.java:115)
	at org.testng.remote.RemoteTestNG.initAndRun(RemoteTestNG.java:251)
	at org.testng.remote.RemoteTestNG.main(RemoteTestNG.java:77)
</td></tr>
<tr><td>16-06-2022 10:13:09   java.lang.Exception: Getting Un-Expected Application Error <We are sorry...an unexpected error has occurred. Details have been forwarded to the Application Support Team for investigation. If the problem persists, please submit an issue on the Apps Portal.>, please refer screenshot >> UnExpectedError_16.06.2022_10.13.09*****  < //div[@class='blockUI blockOverlay'] >  Exception (java.lang.IllegalArgumentException
	at nsf.ecap.Client_Suite.TestSuiteBase_CLNT.fnsLoading_Progressingwait(TestSuiteBase_CLNT.java:2179)
	at nsf.ecap.Client_Suite.CreateClient.Create_Client_(CreateClient.java:177)
	at sun.reflect.NativeMethodAccessorImpl.invoke0(Native Method)
	at sun.reflect.NativeMethodAccessorImpl.invoke(NativeMethodAccessorImpl.java:62)
	at sun.reflect.DelegatingMethodAccessorImpl.invoke(DelegatingMethodAccessorImpl.java:43)
	at java.lang.reflect.Method.invoke(Method.java:498)
	at org.testng.internal.MethodInvocationHelper.invokeMethod(MethodInvocationHelper.java:133)
	at org.testng.internal.TestInvoker.invokeMethod(TestInvoker.java:598)
	at org.testng.internal.TestInvoker.invokeTestMethod(TestInvoker.java:173)
	at org.testng.internal.MethodRunner.runInSequence(MethodRunner.java:46)
	at org.testng.internal.TestInvoker$MethodInvocationAgent.invoke(TestInvoker.java:824)
	at org.testng.internal.TestInvoker.invokeTestMethods(TestInvoker.java:146)
	at org.testng.internal.TestMethodWorker.invokeTestMethods(TestMethodWorker.java:146)
	at org.testng.internal.TestMethodWorker.run(TestMethodWorker.java:128)
	at java.util.ArrayList.forEach(ArrayList.java:1257)
	at org.testng.TestRunner.privateRun(TestRunner.java:794)
	at org.testng.TestRunner.run(TestRunner.java:596)
	at org.testng.SuiteRunner.runTest(SuiteRunner.java:377)
	at org.testng.SuiteRunner.runSequentially(SuiteRunner.java:371)
	at org.testng.SuiteRunner.privateRun(SuiteRunner.java:332)
	at org.testng.SuiteRunner.run(SuiteRunner.java:276)
	at org.testng.SuiteRunnerWorker.runSuite(SuiteRunnerWorker.java:53)
	at org.testng.SuiteRunnerWorker.run(SuiteRunnerWorker.java:96)
	at org.testng.TestNG.runSuitesSequentially(TestNG.java:1212)
	at org.testng.TestNG.runSuitesSequentially(TestNG.java:1207)
	at org.testng.TestNG.runSuitesLocally(TestNG.java:1134)
	at org.testng.TestNG.runSuites(TestNG.java:1063)
	at org.testng.TestNG.run(TestNG.java:1031)
	at org.testng.remote.AbstractRemoteTestNG.run(AbstractRemoteTestNG.java:115)
	at org.testng.remote.RemoteTestNG.initAndRun(RemoteTestNG.java:251)
	at org.testng.remote.RemoteTestNG.main(RemoteTestNG.java:77)

	at nsf.ecap.Client_Suite.TestSuiteBase_CLNT.fnsLoading_Progressingwait(TestSuiteBase_CLNT.java:2187)
	at nsf.ecap.Client_Suite.CreateClient.Create_Client_(CreateClient.java:177)
	at sun.reflect.NativeMethodAccessorImpl.invoke0(Native Method)
	at sun.reflect.NativeMethodAccessorImpl.invoke(NativeMethodAccessorImpl.java:62)
	at sun.reflect.DelegatingMethodAccessorImpl.invoke(DelegatingMethodAccessorImpl.java:43)
	at java.lang.reflect.Method.invoke(Method.java:498)
	at org.testng.internal.MethodInvocationHelper.invokeMethod(MethodInvocationHelper.java:133)
	at org.testng.internal.TestInvoker.invokeMethod(TestInvoker.java:598)
	at org.testng.internal.TestInvoker.invokeTestMethod(TestInvoker.java:173)
	at org.testng.internal.MethodRunner.runInSequence(MethodRunner.java:46)
	at org.testng.internal.TestInvoker$MethodInvocationAgent.invoke(TestInvoker.java:824)
	at org.testng.internal.TestInvoker.invokeTestMethods(TestInvoker.java:146)
	at org.testng.internal.TestMethodWorker.invokeTestMethods(TestMethodWorker.java:146)
	at org.testng.internal.TestMethodWorker.run(TestMethodWorker.java:128)
	at java.util.ArrayList.forEach(ArrayList.java:1257)
	at org.testng.TestRunner.privateRun(TestRunner.java:794)
	at org.testng.TestRunner.run(TestRunner.java:596)
	at org.testng.SuiteRunner.runTest(SuiteRunner.java:377)
	at org.testng.SuiteRunner.runSequentially(SuiteRunner.java:371)
	at org.testng.SuiteRunner.privateRun(SuiteRunner.java:332)
	at org.testng.SuiteRunner.run(SuiteRunner.java:276)
	at org.testng.SuiteRunnerWorker.runSuite(SuiteRunnerWorker.java:53)
	at org.testng.SuiteRunnerWorker.run(SuiteRunnerWorker.java:96)
	at org.testng.TestNG.runSuitesSequentially(TestNG.java:1212)
	at org.testng.TestNG.runSuitesSequentially(TestNG.java:1207)
	at org.testng.TestNG.runSuitesLocally(TestNG.java:1134)
	at org.testng.TestNG.runSuites(TestNG.java:1063)
	at org.testng.TestNG.run(TestNG.java:1031)
	at org.testng.remote.AbstractRemoteTestNG.run(AbstractRemoteTestNG.java:115)
	at org.testng.remote.RemoteTestNG.initAndRun(RemoteTestNG.java:251)
	at org.testng.remote.RemoteTestNG.main(RemoteTestNG.java:77)
</td></tr>
<tr><td>16-06-2022 10:13:09  =========================================================================================================================================</td></tr>
<tr><td>16-06-2022 10:13:09  ****************************************************************************************************************************************</td></tr>
<tr><td>16-06-2022 10:13:09  ################################## Execution Logs of  Case#=1_b for Scenario [CreateClient_ORG_PL].</td></tr>
<tr><td>16-06-2022 10:13:09  ###################################################### Test Case#=1_b for Scenario [CreateClient_ORG_PL]</td></tr>
<tr><td>16-06-2022 10:13:09   java.lang.Exception: FAILED == 'CO' Client id is not found, please run CO and PL scenarios together.
	at nsf.ecap.Client_Suite.CreateClient.Create_Client_(CreateClient.java:224)
	at sun.reflect.NativeMethodAccessorImpl.invoke0(Native Method)
	at sun.reflect.NativeMethodAccessorImpl.invoke(NativeMethodAccessorImpl.java:62)
	at sun.reflect.DelegatingMethodAccessorImpl.invoke(DelegatingMethodAccessorImpl.java:43)
	at java.lang.reflect.Method.invoke(Method.java:498)
	at org.testng.internal.MethodInvocationHelper.invokeMethod(MethodInvocationHelper.java:133)
	at org.testng.internal.TestInvoker.invokeMethod(TestInvoker.java:598)
	at org.testng.internal.TestInvoker.invokeTestMethod(TestInvoker.java:173)
	at org.testng.internal.MethodRunner.runInSequence(MethodRunner.java:46)
	at org.testng.internal.TestInvoker$MethodInvocationAgent.invoke(TestInvoker.java:824)
	at org.testng.internal.TestInvoker.invokeTestMethods(TestInvoker.java:146)
	at org.testng.internal.TestMethodWorker.invokeTestMethods(TestMethodWorker.java:146)
	at org.testng.internal.TestMethodWorker.run(TestMethodWorker.java:128)
	at java.util.ArrayList.forEach(ArrayList.java:1257)
	at org.testng.TestRunner.privateRun(TestRunner.java:794)
	at org.testng.TestRunner.run(TestRunner.java:596)
	at org.testng.SuiteRunner.runTest(SuiteRunner.java:377)
	at org.testng.SuiteRunner.runSequentially(SuiteRunner.java:371)
	at org.testng.SuiteRunner.privateRun(SuiteRunner.java:332)
	at org.testng.SuiteRunner.run(SuiteRunner.java:276)
	at org.testng.SuiteRunnerWorker.runSuite(SuiteRunnerWorker.java:53)
	at org.testng.SuiteRunnerWorker.run(SuiteRunnerWorker.java:96)
	at org.testng.TestNG.runSuitesSequentially(TestNG.java:1212)
	at org.testng.TestNG.runSuitesSequentially(TestNG.java:1207)
	at org.testng.TestNG.runSuitesLocally(TestNG.java:1134)
	at org.testng.TestNG.runSuites(TestNG.java:1063)
	at org.testng.TestNG.run(TestNG.java:1031)
	at org.testng.remote.AbstractRemoteTestNG.run(AbstractRemoteTestNG.java:115)
	at org.testng.remote.RemoteTestNG.initAndRun(RemoteTestNG.java:251)
	at org.testng.remote.RemoteTestNG.main(RemoteTestNG.java:77)
</td></tr>
<tr><td>16-06-2022 10:13:09  =========================================================================================================================================</td></tr>
<tr><td>16-06-2022 10:13:09  ****************************************************************************************************************************************</td></tr>
<tr><td>16-06-2022 10:13:09  ################################## Execution Logs of  Case#=2_a for Scenario [CreateClient_ISR_CO].</td></tr>
<tr><td>16-06-2022 10:13:09  ###################################################### Test Case#=2_a for Scenario [CreateClient_ISR_CO]</td></tr>
<tr><td>16-06-2022 10:13:09  PASSED == Element is Visible having Xpath  >> Menu_Ajax_Link</td></tr>
<tr><td>16-06-2022 10:13:11  PASSED == Element is Visible having Xpath  >> CreateClient_Ajax_Link</td></tr>
<tr><td>16-06-2022 10:13:11  PASSED == Successfully Click on 'Create Client' Ajax Link.</td></tr>
<tr><td>16-06-2022 10:13:18  *********  Pause/Wait is for < 1 > seconds.  *****  </td></tr>
<tr><td>16-06-2022 10:13:19  PASSED == Element is Visible having Xpath  >> .//*[@id='mainForm:prprogcode']/div[3]/span</td></tr>
<tr><td>16-06-2022 10:13:19  PASSED == Click done on Element having Xpath >> .//*[@id='mainForm:prprogcode']/div[3]/span</td></tr>
<tr><td>16-06-2022 10:13:21  PASSED == Element is Visible having Xpath  >> //li[text()='ISRUK - ISR - United Kingdom']</td></tr>
<tr><td>16-06-2022 10:13:21  PASSED == select value [ ISRUK - ISR - United Kingdom ] from drop down done, having xpath >>  .//*[@id='mainForm:prprogcode']/div[3]/span</td></tr>
<tr><td>16-06-2022 10:13:25  *********  Progressing Loading image is displayed for < 1 > seconds.</td></tr>
<tr><td>16-06-2022 10:13:25  PASSED == Element is Visible having Xpath  >> CreateClient_ClientInfo_Name</td></tr>
<tr><td>16-06-2022 10:13:25  PASSED == Successfully Type Value<Test Script CO> on Element having Xpath  >> CreateClient_ClientInfo_Name</td></tr>
<tr><td>16-06-2022 10:13:25  PASSED == Successfully Click on Element having Xpath >> CreateClient_ClientInfo_Type_DD_Click</td></tr>
<tr><td>16-06-2022 10:13:25  PASSED == Element is Visible having Xpath  >> CreateClient_ClientInfo_Type_DD_Value</td></tr>
<tr><td>16-06-2022 10:13:25  PASSED == Successfully select value [ CO ] from drop down, having xpath >>  CreateClient_ClientInfo_Type_DD_Click</td></tr>
<tr><td>16-06-2022 10:13:26  PASSED == Successfully Type Value<AutomationTest CO> on Element having Xpath  >> CreateClient_ClientAddress_AddressLine1</td></tr>
<tr><td>16-06-2022 10:13:26  PASSED == Successfully Type Value<D/T=16Jun22/10:13 IST> on Element having Xpath  >> CreateClient_ClientAddress_AddressLine2</td></tr>
<tr><td>16-06-2022 10:13:26  PASSED == Successfully Type Value<Ann Arbor> on Element having Xpath  >> CreateClient_ClientAddress_City</td></tr>
<tr><td>16-06-2022 10:13:26  PASSED == Successfully Click on Element having Xpath >> CreateClient_ClientAddress_State_DD_Click</td></tr>
<tr><td>16-06-2022 10:13:26  PASSED == Element is Visible having Xpath  >> CreateClient_ClientAddress_State_DD_Value</td></tr>
<tr><td>16-06-2022 10:13:27  PASSED == Successfully select value [ Massachusetts ] from drop down, having xpath >>  CreateClient_ClientAddress_State_DD_Click</td></tr>
<tr><td>16-06-2022 10:13:28  *********  Progressing Loading image is displayed for < 1 > seconds.</td></tr>
<tr><td>16-06-2022 10:13:29  PASSED == Element is Visible having Xpath  >> CreateClient_ClientAddress_Postal</td></tr>
<tr><td>16-06-2022 10:13:29  PASSED == Successfully Type Value<16062022> on Element having Xpath  >> CreateClient_ClientAddress_Postal</td></tr>
<tr><td>16-06-2022 10:13:29  PASSED == Successfully Type Value<222-222-2222> on Element having Xpath  >> CreateClient_ClientAddress_Primary_Phone</td></tr>
<tr><td>16-06-2022 10:13:29  PASSED == Successfully Type Value<AutomationTest@nsf.org> on Element having Xpath  >> CreateClient_ClientAddress_ContactEmail</td></tr>
<tr><td>16-06-2022 10:13:29  PASSED == Successfully Type Value<COTestFName> on Element having Xpath  >> CreateClient_PrimaryContactDetails_FirstName</td></tr>
<tr><td>16-06-2022 10:13:30  PASSED == Successfully Type Value<COTestLName> on Element having Xpath  >> CreateClient_PrimaryContactDetails_LastName</td></tr>
<tr><td>16-06-2022 10:13:30  PASSED == Successfully Type Value<AutomationTest@nsf.org> on Element having Xpath  >> CreateClient_PrimaryContactDetails_Email</td></tr>
<tr><td>16-06-2022 10:13:30  PASSED == Successfully Type Value<333-333-3333> on Element having Xpath  >> CreateClient_PrimaryContactDetails_Phone</td></tr>
<tr><td>16-06-2022 10:13:30  PASSED == Successfully Click on Element having Xpath >> CreateClient_PrimaryContactDetails_BillToOffice_Dd_Click</td></tr>
<tr><td>16-06-2022 10:13:30  PASSED == Element is Visible having Xpath  >> CreateClient_PrimaryContactDetails_BillToOffice_Dd_Value</td></tr>
<tr><td>16-06-2022 10:13:31  PASSED == Successfully select value [ NSFUSA ] from drop down, having xpath >>  CreateClient_PrimaryContactDetails_BillToOffice_Dd_Click</td></tr>
<tr><td>16-06-2022 10:13:33  *********  Pause/Wait is for < 1 > seconds.  *****  </td></tr>
<tr><td>16-06-2022 10:13:34  PASSED == Successfully Click on Element having Xpath >> CreateClient_AccountManager_LookUp_Bttn</td></tr>
<tr><td>16-06-2022 10:13:35  *********  Progressing Loading image is displayed for < 1 > seconds.</td></tr>
<tr><td>16-06-2022 10:13:36  PASSED == Successfully Type Value<M7890000> on Element having Xpath  >> CreateClient_AccountManager_LookUp_Bttn_Text</td></tr>
<tr><td>16-06-2022 10:13:38  *********  Pause/Wait is for < 1 > seconds.  *****  </td></tr>
<tr><td>16-06-2022 10:13:42  *********  Progressing Loading image is displayed for < 3 > seconds.</td></tr>
<tr><td>16-06-2022 10:13:44  PASSED == Element is Visible having Xpath  >> lookup_select_radio_bttn</td></tr>
<tr><td>16-06-2022 10:13:46  *********  Pause/Wait is for < 1 > seconds.  *****  </td></tr>
<tr><td>16-06-2022 10:13:47  *********  Pause/Wait is for < 1 > seconds.  *****  </td></tr>
<tr><td>16-06-2022 10:13:48  PASSED == Successfully Select Account Manager Lookup  Radio Button</td></tr>
<tr><td>16-06-2022 10:13:49  PASSED == Successfully Click on Element having Xpath >> CreateClient_Create_Bttn</td></tr>
<tr><td>16-06-2022 10:13:52  *********  Progressing Loading image is displayed for < 2 > seconds.</td></tr>
<tr><td>16-06-2022 10:13:53  Getting Un-Expected Application Error <We are sorry...an unexpected error has occurred. Details have been forwarded to the Application Support Team for investigation. If the problem persists, please submit an issue on the Apps Portal.>, please refer screenshot >>UnExpectedError_16.06.2022_10.13.53*****  < //div[@class='blockUI blockOverlay'] >  Exception (java.lang.IllegalArgumentException
	at nsf.ecap.Client_Suite.TestSuiteBase_CLNT.fnsLoading_Progressingwait(TestSuiteBase_CLNT.java:2179)
	at nsf.ecap.Client_Suite.CreateClient.Create_Client_(CreateClient.java:177)
	at sun.reflect.NativeMethodAccessorImpl.invoke0(Native Method)
	at sun.reflect.NativeMethodAccessorImpl.invoke(NativeMethodAccessorImpl.java:62)
	at sun.reflect.DelegatingMethodAccessorImpl.invoke(DelegatingMethodAccessorImpl.java:43)
	at java.lang.reflect.Method.invoke(Method.java:498)
	at org.testng.internal.MethodInvocationHelper.invokeMethod(MethodInvocationHelper.java:133)
	at org.testng.internal.TestInvoker.invokeMethod(TestInvoker.java:598)
	at org.testng.internal.TestInvoker.invokeTestMethod(TestInvoker.java:173)
	at org.testng.internal.MethodRunner.runInSequence(MethodRunner.java:46)
	at org.testng.internal.TestInvoker$MethodInvocationAgent.invoke(TestInvoker.java:824)
	at org.testng.internal.TestInvoker.invokeTestMethods(TestInvoker.java:146)
	at org.testng.internal.TestMethodWorker.invokeTestMethods(TestMethodWorker.java:146)
	at org.testng.internal.TestMethodWorker.run(TestMethodWorker.java:128)
	at java.util.ArrayList.forEach(ArrayList.java:1257)
	at org.testng.TestRunner.privateRun(TestRunner.java:794)
	at org.testng.TestRunner.run(TestRunner.java:596)
	at org.testng.SuiteRunner.runTest(SuiteRunner.java:377)
	at org.testng.SuiteRunner.runSequentially(SuiteRunner.java:371)
	at org.testng.SuiteRunner.privateRun(SuiteRunner.java:332)
	at org.testng.SuiteRunner.run(SuiteRunner.java:276)
	at org.testng.SuiteRunnerWorker.runSuite(SuiteRunnerWorker.java:53)
	at org.testng.SuiteRunnerWorker.run(SuiteRunnerWorker.java:96)
	at org.testng.TestNG.runSuitesSequentially(TestNG.java:1212)
	at org.testng.TestNG.runSuitesSequentially(TestNG.java:1207)
	at org.testng.TestNG.runSuitesLocally(TestNG.java:1134)
	at org.testng.TestNG.runSuites(TestNG.java:1063)
	at org.testng.TestNG.run(TestNG.java:1031)
	at org.testng.remote.AbstractRemoteTestNG.run(AbstractRemoteTestNG.java:115)
	at org.testng.remote.RemoteTestNG.initAndRun(RemoteTestNG.java:251)
	at org.testng.remote.RemoteTestNG.main(RemoteTestNG.java:77)
</td></tr>
<tr><td>16-06-2022 10:13:53   java.lang.Exception: Getting Un-Expected Application Error <We are sorry...an unexpected error has occurred. Details have been forwarded to the Application Support Team for investigation. If the problem persists, please submit an issue on the Apps Portal.>, please refer screenshot >> UnExpectedError_16.06.2022_10.13.53*****  < //div[@class='blockUI blockOverlay'] >  Exception (java.lang.IllegalArgumentException
	at nsf.ecap.Client_Suite.TestSuiteBase_CLNT.fnsLoading_Progressingwait(TestSuiteBase_CLNT.java:2179)
	at nsf.ecap.Client_Suite.CreateClient.Create_Client_(CreateClient.java:177)
	at sun.reflect.NativeMethodAccessorImpl.invoke0(Native Method)
	at sun.reflect.NativeMethodAccessorImpl.invoke(NativeMethodAccessorImpl.java:62)
	at sun.reflect.DelegatingMethodAccessorImpl.invoke(DelegatingMethodAccessorImpl.java:43)
	at java.lang.reflect.Method.invoke(Method.java:498)
	at org.testng.internal.MethodInvocationHelper.invokeMethod(MethodInvocationHelper.java:133)
	at org.testng.internal.TestInvoker.invokeMethod(TestInvoker.java:598)
	at org.testng.internal.TestInvoker.invokeTestMethod(TestInvoker.java:173)
	at org.testng.internal.MethodRunner.runInSequence(MethodRunner.java:46)
	at org.testng.internal.TestInvoker$MethodInvocationAgent.invoke(TestInvoker.java:824)
	at org.testng.internal.TestInvoker.invokeTestMethods(TestInvoker.java:146)
	at org.testng.internal.TestMethodWorker.invokeTestMethods(TestMethodWorker.java:146)
	at org.testng.internal.TestMethodWorker.run(TestMethodWorker.java:128)
	at java.util.ArrayList.forEach(ArrayList.java:1257)
	at org.testng.TestRunner.privateRun(TestRunner.java:794)
	at org.testng.TestRunner.run(TestRunner.java:596)
	at org.testng.SuiteRunner.runTest(SuiteRunner.java:377)
	at org.testng.SuiteRunner.runSequentially(SuiteRunner.java:371)
	at org.testng.SuiteRunner.privateRun(SuiteRunner.java:332)
	at org.testng.SuiteRunner.run(SuiteRunner.java:276)
	at org.testng.SuiteRunnerWorker.runSuite(SuiteRunnerWorker.java:53)
	at org.testng.SuiteRunnerWorker.run(SuiteRunnerWorker.java:96)
	at org.testng.TestNG.runSuitesSequentially(TestNG.java:1212)
	at org.testng.TestNG.runSuitesSequentially(TestNG.java:1207)
	at org.testng.TestNG.runSuitesLocally(TestNG.java:1134)
	at org.testng.TestNG.runSuites(TestNG.java:1063)
	at org.testng.TestNG.run(TestNG.java:1031)
	at org.testng.remote.AbstractRemoteTestNG.run(AbstractRemoteTestNG.java:115)
	at org.testng.remote.RemoteTestNG.initAndRun(RemoteTestNG.java:251)
	at org.testng.remote.RemoteTestNG.main(RemoteTestNG.java:77)

	at nsf.ecap.Client_Suite.TestSuiteBase_CLNT.fnsLoading_Progressingwait(TestSuiteBase_CLNT.java:2187)
	at nsf.ecap.Client_Suite.CreateClient.Create_Client_(CreateClient.java:177)
	at sun.reflect.NativeMethodAccessorImpl.invoke0(Native Method)
	at sun.reflect.NativeMethodAccessorImpl.invoke(NativeMethodAccessorImpl.java:62)
	at sun.reflect.DelegatingMethodAccessorImpl.invoke(DelegatingMethodAccessorImpl.java:43)
	at java.lang.reflect.Method.invoke(Method.java:498)
	at org.testng.internal.MethodInvocationHelper.invokeMethod(MethodInvocationHelper.java:133)
	at org.testng.internal.TestInvoker.invokeMethod(TestInvoker.java:598)
	at org.testng.internal.TestInvoker.invokeTestMethod(TestInvoker.java:173)
	at org.testng.internal.MethodRunner.runInSequence(MethodRunner.java:46)
	at org.testng.internal.TestInvoker$MethodInvocationAgent.invoke(TestInvoker.java:824)
	at org.testng.internal.TestInvoker.invokeTestMethods(TestInvoker.java:146)
	at org.testng.internal.TestMethodWorker.invokeTestMethods(TestMethodWorker.java:146)
	at org.testng.internal.TestMethodWorker.run(TestMethodWorker.java:128)
	at java.util.ArrayList.forEach(ArrayList.java:1257)
	at org.testng.TestRunner.privateRun(TestRunner.java:794)
	at org.testng.TestRunner.run(TestRunner.java:596)
	at org.testng.SuiteRunner.runTest(SuiteRunner.java:377)
	at org.testng.SuiteRunner.runSequentially(SuiteRunner.java:371)
	at org.testng.SuiteRunner.privateRun(SuiteRunner.java:332)
	at org.testng.SuiteRunner.run(SuiteRunner.java:276)
	at org.testng.SuiteRunnerWorker.runSuite(SuiteRunnerWorker.java:53)
	at org.testng.SuiteRunnerWorker.run(SuiteRunnerWorker.java:96)
	at org.testng.TestNG.runSuitesSequentially(TestNG.java:1212)
	at org.testng.TestNG.runSuitesSequentially(TestNG.java:1207)
	at org.testng.TestNG.runSuitesLocally(TestNG.java:1134)
	at org.testng.TestNG.runSuites(TestNG.java:1063)
	at org.testng.TestNG.run(TestNG.java:1031)
	at org.testng.remote.AbstractRemoteTestNG.run(AbstractRemoteTestNG.java:115)
	at org.testng.remote.RemoteTestNG.initAndRun(RemoteTestNG.java:251)
	at org.testng.remote.RemoteTestNG.main(RemoteTestNG.java:77)
</td></tr>
<tr><td>16-06-2022 10:13:53  =========================================================================================================================================</td></tr>
<tr><td>16-06-2022 10:13:53  ****************************************************************************************************************************************</td></tr>
<tr><td>16-06-2022 10:13:53  ################################## Execution Logs of  Case#=2_b for Scenario [CreateClient_ISR_PL].</td></tr>
<tr><td>16-06-2022 10:13:53  ###################################################### Test Case#=2_b for Scenario [CreateClient_ISR_PL]</td></tr>
<tr><td>16-06-2022 10:13:53   java.lang.Exception: FAILED == 'CO' Client id is not found, please run CO and PL scenarios together.
	at nsf.ecap.Client_Suite.CreateClient.Create_Client_(CreateClient.java:224)
	at sun.reflect.NativeMethodAccessorImpl.invoke0(Native Method)
	at sun.reflect.NativeMethodAccessorImpl.invoke(NativeMethodAccessorImpl.java:62)
	at sun.reflect.DelegatingMethodAccessorImpl.invoke(DelegatingMethodAccessorImpl.java:43)
	at java.lang.reflect.Method.invoke(Method.java:498)
	at org.testng.internal.MethodInvocationHelper.invokeMethod(MethodInvocationHelper.java:133)
	at org.testng.internal.TestInvoker.invokeMethod(TestInvoker.java:598)
	at org.testng.internal.TestInvoker.invokeTestMethod(TestInvoker.java:173)
	at org.testng.internal.MethodRunner.runInSequence(MethodRunner.java:46)
	at org.testng.internal.TestInvoker$MethodInvocationAgent.invoke(TestInvoker.java:824)
	at org.testng.internal.TestInvoker.invokeTestMethods(TestInvoker.java:146)
	at org.testng.internal.TestMethodWorker.invokeTestMethods(TestMethodWorker.java:146)
	at org.testng.internal.TestMethodWorker.run(TestMethodWorker.java:128)
	at java.util.ArrayList.forEach(ArrayList.java:1257)
	at org.testng.TestRunner.privateRun(TestRunner.java:794)
	at org.testng.TestRunner.run(TestRunner.java:596)
	at org.testng.SuiteRunner.runTest(SuiteRunner.java:377)
	at org.testng.SuiteRunner.runSequentially(SuiteRunner.java:371)
	at org.testng.SuiteRunner.privateRun(SuiteRunner.java:332)
	at org.testng.SuiteRunner.run(SuiteRunner.java:276)
	at org.testng.SuiteRunnerWorker.runSuite(SuiteRunnerWorker.java:53)
	at org.testng.SuiteRunnerWorker.run(SuiteRunnerWorker.java:96)
	at org.testng.TestNG.runSuitesSequentially(TestNG.java:1212)
	at org.testng.TestNG.runSuitesSequentially(TestNG.java:1207)
	at org.testng.TestNG.runSuitesLocally(TestNG.java:1134)
	at org.testng.TestNG.runSuites(TestNG.java:1063)
	at org.testng.TestNG.run(TestNG.java:1031)
	at org.testng.remote.AbstractRemoteTestNG.run(AbstractRemoteTestNG.java:115)
	at org.testng.remote.RemoteTestNG.initAndRun(RemoteTestNG.java:251)
	at org.testng.remote.RemoteTestNG.main(RemoteTestNG.java:77)
</td></tr>
<tr><td>16-06-2022 10:13:53  Skipping Test Case SearchClient as runmode set to NO</td></tr>
<tr><td>16-06-2022 10:13:53  </td></tr>
<tr><td>16-06-2022 10:13:53  ########################################################### Client Suite END ########################################################## </td></tr>
<tr><td>16-06-2022 10:13:53  =========================================================================================================================================</td></tr>
<tr><td>16-06-2022 10:13:53  </td></tr>
<tr><td>========================================================================================================================================</td></tr>
<tr><td>Skipped 'NSF_Connect_Suite' as the runmode was set to NO</td></tr>
<tr><td> </td></tr>
<tr><td>========================================================================================================================================</td></tr>
<tr><td>Skipped 'MonitorPlan_suite' as the runmode was set to NO</td></tr>
<tr><td> </td></tr>
</table>