<html>
<head>
<title>TestNG:  [BS-01] Create Client</title>
<link href="../testng.css" rel="stylesheet" type="text/css" />
<link href="../my-testng.css" rel="stylesheet" type="text/css" />

<style type="text/css">
.log { display: none;} 
.stack-trace { display: none;} 
</style>
<script type="text/javascript">
<!--
function flip(e) {
  current = e.style.display;
  if (current == 'block') {
    e.style.display = 'none';
    return 0;
  }
  else {
    e.style.display = 'block';
    return 1;
  }
}

function toggleBox(szDivId, elem, msg1, msg2)
{
  var res = -1;  if (document.getElementById) {
    res = flip(document.getElementById(szDivId));
  }
  else if (document.all) {
    // this is the way old msie versions work
    res = flip(document.all[szDivId]);
  }
  if(elem) {
    if(res == 0) elem.innerHTML = msg1; else elem.innerHTML = msg2;
  }

}

function toggleAllBoxes() {
  if (document.getElementsByTagName) {
    d = document.getElementsByTagName('div');
    for (i = 0; i < d.length; i++) {
      if (d[i].className == 'log') {
        flip(d[i]);
      }
    }
  }
}

// -->
</script>

</head>
<body>
<h2 align='center'>[BS-01] Create Client</h2><table border='1' align="center">
<tr>
<td>Tests passed/Failed/Skipped:</td><td>1/4/0</td>
</tr><tr>
<td>Started on:</td><td>Thu Jun 16 10:11:25 IST 2022</td>
</tr>
<tr><td>Total time:</td><td>147 seconds (147364 ms)</td>
</tr><tr>
<td>Included groups:</td><td></td>
</tr><tr>
<td>Excluded groups:</td><td></td>
</tr>
</table><p/>
<small><i>(Hover the method name to see the test class name)</i></small><p/>
<table width='100%' border='1' class='invocation-failed'>
<tr><td colspan='4' align='center'><b>FAILED CONFIGURATIONS</b></td></tr>
<tr><td><b>Test method</b></td>
<td width="30%"><b>Exception</b></td>
<td width="10%"><b>Time (seconds)</b></td>
<td><b>Instance</b></td>
</tr>
<tr>
<td title='nsf.ecap.Client_Suite.CreateClient.QuitBrowser()'><b>QuitBrowser</b><br>Test class: nsf.ecap.Client_Suite.CreateClient</td>
<td><div><pre>org.openqa.selenium.interactions.MoveTargetOutOfBoundsException: move target out of bounds
  (Session info: chrome=102.0.5005.115)
Build info: version: &apos;3.141.59&apos;, revision: &apos;e82be7d358&apos;, time: &apos;2018-11-14T08:25:53&apos;
System info: host: &apos;INDEL-L-4B3JDM3&apos;, ip: &apos;192.168.1.21&apos;, os.name: &apos;Windows 10&apos;, os.arch: &apos;amd64&apos;, os.version: &apos;10.0&apos;, java.version: &apos;1.8.0_251&apos;
Driver info: org.openqa.selenium.chrome.ChromeDriver
Capabilities {acceptInsecureCerts: false, browserName: chrome, browserVersion: 102.0.5005.115, chrome: {chromedriverVersion: 102.0.5005.61 (0e59bcc00cc4..., userDataDir: C:\Users\antyagi\AppData\Lo...}, goog:chromeOptions: {debuggerAddress: localhost:56150}, javascriptEnabled: true, networkConnectionEnabled: false, pageLoadStrategy: normal, platform: WINDOWS, platformName: WINDOWS, proxy: Proxy(), setWindowRect: true, strictFileInteractability: false, timeouts: {implicit: 0, pageLoad: 300000, script: 30000}, unhandledPromptBehavior: dismiss and notify, webauthn:extension:credBlob: true, webauthn:extension:largeBlob: true, webauthn:virtualAuthenticators: true}
Session ID: b911f72fa42117bbb707b4491c7560c1
	at org.openqa.selenium.remote.http.W3CHttpResponseCodec.createException(W3CHttpResponseCodec.java:187)
	at org.openqa.selenium.remote.http.W3CHttpResponseCodec.decode(W3CHttpResponseCodec.java:122)
	at org.openqa.selenium.remote.http.W3CHttpResponseCodec.decode(W3CHttpResponseCodec.java:49)
	at org.openqa.selenium.remote.HttpCommandExecutor.execute(HttpCommandExecutor.java:158)
	at org.openqa.selenium.remote.service.DriverCommandExecutor.execute(DriverCommandExecutor.java:83)
	at org.openqa.selenium.remote.RemoteWebDriver.execute(RemoteWebDriver.java:552)
	at org.openqa.selenium.remote.RemoteWebDriver.perform(RemoteWebDriver.java:618)
	at org.openqa.selenium.interactions.Actions$BuiltAction.perform(Actions.java:639)
	at nsf.ecap.Client_Suite.TestSuiteBase_CLNT.MoveMouseCursorToTaskBar(TestSuiteBase_CLNT.java:2429)
	at nsf.ecap.Client_Suite.CreateClient.QuitBrowser(CreateClient.java:388)
... Removed 29 stack frames</pre></div><a href='#' onClick='toggleBox("stack-trace473440633", this, "Click to show all stack frames", "Click to hide stack frames")'>Click to show all stack frames</a>
<div class='stack-trace' id='stack-trace473440633'><pre>org.openqa.selenium.interactions.MoveTargetOutOfBoundsException: move target out of bounds
  (Session info: chrome=102.0.5005.115)
Build info: version: &apos;3.141.59&apos;, revision: &apos;e82be7d358&apos;, time: &apos;2018-11-14T08:25:53&apos;
System info: host: &apos;INDEL-L-4B3JDM3&apos;, ip: &apos;192.168.1.21&apos;, os.name: &apos;Windows 10&apos;, os.arch: &apos;amd64&apos;, os.version: &apos;10.0&apos;, java.version: &apos;1.8.0_251&apos;
Driver info: org.openqa.selenium.chrome.ChromeDriver
Capabilities {acceptInsecureCerts: false, browserName: chrome, browserVersion: 102.0.5005.115, chrome: {chromedriverVersion: 102.0.5005.61 (0e59bcc00cc4..., userDataDir: C:\Users\antyagi\AppData\Lo...}, goog:chromeOptions: {debuggerAddress: localhost:56150}, javascriptEnabled: true, networkConnectionEnabled: false, pageLoadStrategy: normal, platform: WINDOWS, platformName: WINDOWS, proxy: Proxy(), setWindowRect: true, strictFileInteractability: false, timeouts: {implicit: 0, pageLoad: 300000, script: 30000}, unhandledPromptBehavior: dismiss and notify, webauthn:extension:credBlob: true, webauthn:extension:largeBlob: true, webauthn:virtualAuthenticators: true}
Session ID: b911f72fa42117bbb707b4491c7560c1
	at sun.reflect.NativeConstructorAccessorImpl.newInstance0(Native Method)
	at sun.reflect.NativeConstructorAccessorImpl.newInstance(NativeConstructorAccessorImpl.java:62)
	at sun.reflect.DelegatingConstructorAccessorImpl.newInstance(DelegatingConstructorAccessorImpl.java:45)
	at java.lang.reflect.Constructor.newInstance(Constructor.java:423)
	at org.openqa.selenium.remote.http.W3CHttpResponseCodec.createException(W3CHttpResponseCodec.java:187)
	at org.openqa.selenium.remote.http.W3CHttpResponseCodec.decode(W3CHttpResponseCodec.java:122)
	at org.openqa.selenium.remote.http.W3CHttpResponseCodec.decode(W3CHttpResponseCodec.java:49)
	at org.openqa.selenium.remote.HttpCommandExecutor.execute(HttpCommandExecutor.java:158)
	at org.openqa.selenium.remote.service.DriverCommandExecutor.execute(DriverCommandExecutor.java:83)
	at org.openqa.selenium.remote.RemoteWebDriver.execute(RemoteWebDriver.java:552)
	at org.openqa.selenium.remote.RemoteWebDriver.perform(RemoteWebDriver.java:618)
	at org.openqa.selenium.interactions.Actions$BuiltAction.perform(Actions.java:639)
	at nsf.ecap.Client_Suite.TestSuiteBase_CLNT.MoveMouseCursorToTaskBar(TestSuiteBase_CLNT.java:2429)
	at nsf.ecap.Client_Suite.CreateClient.QuitBrowser(CreateClient.java:388)
	at sun.reflect.NativeMethodAccessorImpl.invoke0(Native Method)
	at sun.reflect.NativeMethodAccessorImpl.invoke(NativeMethodAccessorImpl.java:62)
	at sun.reflect.DelegatingMethodAccessorImpl.invoke(DelegatingMethodAccessorImpl.java:43)
	at java.lang.reflect.Method.invoke(Method.java:498)
	at org.testng.internal.MethodInvocationHelper.invokeMethod(MethodInvocationHelper.java:133)
	at org.testng.internal.MethodInvocationHelper.invokeMethodConsideringTimeout(MethodInvocationHelper.java:62)
	at org.testng.internal.ConfigInvoker.invokeConfigurationMethod(ConfigInvoker.java:385)
	at org.testng.internal.ConfigInvoker.invokeConfigurations(ConfigInvoker.java:321)
	at org.testng.TestRunner.invokeTestConfigurations(TestRunner.java:637)
	at org.testng.TestRunner.afterRun(TestRunner.java:877)
	at org.testng.TestRunner.run(TestRunner.java:599)
	at org.testng.SuiteRunner.runTest(SuiteRunner.java:377)
	at org.testng.SuiteRunner.runSequentially(SuiteRunner.java:371)
	at org.testng.SuiteRunner.privateRun(SuiteRunner.java:332)
	at org.testng.SuiteRunner.run(SuiteRunner.java:276)
	at org.testng.SuiteRunnerWorker.runSuite(SuiteRunnerWorker.java:53)
	at org.testng.SuiteRunnerWorker.run(SuiteRunnerWorker.java:96)
	at org.testng.TestNG.runSuitesSequentially(TestNG.java:1212)
	at org.testng.TestNG.runSuitesSequentially(TestNG.java:1207)
	at org.testng.TestNG.runSuitesLocally(TestNG.java:1134)
	at org.testng.TestNG.runSuites(TestNG.java:1063)
	at org.testng.TestNG.run(TestNG.java:1031)
	at org.testng.remote.AbstractRemoteTestNG.run(AbstractRemoteTestNG.java:115)
	at org.testng.remote.RemoteTestNG.initAndRun(RemoteTestNG.java:251)
	at org.testng.remote.RemoteTestNG.main(RemoteTestNG.java:77)
</pre></div></td>
<td>0</td>
<td>nsf.ecap.Client_Suite.CreateClient@561b6512</td></tr>
</table><p>
<table width='100%' border='1' class='invocation-skipped'>
<tr><td colspan='4' align='center'><b>SKIPPED CONFIGURATIONS</b></td></tr>
<tr><td><b>Test method</b></td>
<td width="30%"><b>Exception</b></td>
<td width="10%"><b>Time (seconds)</b></td>
<td><b>Instance</b></td>
</tr>
<tr>
<td title='nsf.ecap.Client_Suite.CreateClient.reportTestResult()'><b>reportTestResult</b><br>Test class: nsf.ecap.Client_Suite.CreateClient</td>
<td></td>
<td>-1655354633</td>
<td>nsf.ecap.Client_Suite.CreateClient@561b6512</td></tr>
</table><p>
<table width='100%' border='1' class='invocation-failed'>
<tr><td colspan='4' align='center'><b>FAILED TESTS</b></td></tr>
<tr><td><b>Test method</b></td>
<td width="30%"><b>Exception</b></td>
<td width="10%"><b>Time (seconds)</b></td>
<td><b>Instance</b></td>
</tr>
<tr>
<td title='nsf.ecap.Client_Suite.CreateClient.Create_Client_()'><b>Create_Client_</b><br>Test class: nsf.ecap.Client_Suite.CreateClient<br>Parameters: Case#=1_b, CreateClient_ORG_PL<br/>
<a href="#Output-375039034" onClick='toggleBox("Output-375039034", this, "Show output", "Hide output");'>Show output</a>

<a href="#Output-375039034" onClick="toggleAllBoxes();">Show all outputs</a>
<div class='log' id="Output-375039034">
16-06-2022 10:13:09  =========================================================================================================================================<br/>
16-06-2022 10:13:09  ****************************************************************************************************************************************<br/>
16-06-2022 10:13:09  ################################## Execution Logs of  Case#=1_b for Scenario [CreateClient_ORG_PL].<br/>
16-06-2022 10:13:09  ###################################################### Test Case#=1_b for Scenario [CreateClient_ORG_PL]<br/>
16-06-2022 10:13:09   java.lang.Exception: FAILED == 'CO' Client id is not found, please run CO and PL scenarios together.
	at nsf.ecap.Client_Suite.CreateClient.Create_Client_(CreateClient.java:224)
	at sun.reflect.NativeMethodAccessorImpl.invoke0(Native Method)
	at sun.reflect.NativeMethodAccessorImpl.invoke(NativeMethodAccessorImpl.java:62)
	at sun.reflect.DelegatingMethodAccessorImpl.invoke(DelegatingMethodAccessorImpl.java:43)
	at java.lang.reflect.Method.invoke(Method.java:498)
	at org.testng.internal.MethodInvocationHelper.invokeMethod(MethodInvocationHelper.java:133)
	at org.testng.internal.TestInvoker.invokeMethod(TestInvoker.java:598)
	at org.testng.internal.TestInvoker.invokeTestMethod(TestInvoker.java:173)
	at org.testng.internal.MethodRunner.runInSequence(MethodRunner.java:46)
	at org.testng.internal.TestInvoker$MethodInvocationAgent.invoke(TestInvoker.java:824)
	at org.testng.internal.TestInvoker.invokeTestMethods(TestInvoker.java:146)
	at org.testng.internal.TestMethodWorker.invokeTestMethods(TestMethodWorker.java:146)
	at org.testng.internal.TestMethodWorker.run(TestMethodWorker.java:128)
	at java.util.ArrayList.forEach(ArrayList.java:1257)
	at org.testng.TestRunner.privateRun(TestRunner.java:794)
	at org.testng.TestRunner.run(TestRunner.java:596)
	at org.testng.SuiteRunner.runTest(SuiteRunner.java:377)
	at org.testng.SuiteRunner.runSequentially(SuiteRunner.java:371)
	at org.testng.SuiteRunner.privateRun(SuiteRunner.java:332)
	at org.testng.SuiteRunner.run(SuiteRunner.java:276)
	at org.testng.SuiteRunnerWorker.runSuite(SuiteRunnerWorker.java:53)
	at org.testng.SuiteRunnerWorker.run(SuiteRunnerWorker.java:96)
	at org.testng.TestNG.runSuitesSequentially(TestNG.java:1212)
	at org.testng.TestNG.runSuitesSequentially(TestNG.java:1207)
	at org.testng.TestNG.runSuitesLocally(TestNG.java:1134)
	at org.testng.TestNG.runSuites(TestNG.java:1063)
	at org.testng.TestNG.run(TestNG.java:1031)
	at org.testng.remote.AbstractRemoteTestNG.run(AbstractRemoteTestNG.java:115)
	at org.testng.remote.RemoteTestNG.initAndRun(RemoteTestNG.java:251)
	at org.testng.remote.RemoteTestNG.main(RemoteTestNG.java:77)
<br/>
</div>
</td>
<td><div><pre>java.lang.Exception:  java.lang.Exception: FAILED == &apos;CO&apos; Client id is not found, please run CO and PL scenarios together.
	at nsf.ecap.Client_Suite.CreateClient.Create_Client_(CreateClient.java:224)
	at java.util.ArrayList.forEach(ArrayList.java:1257)

	at nsf.ecap.Client_Suite.CreateClient.Create_Client_(CreateClient.java:348)
	at java.util.ArrayList.forEach(ArrayList.java:1257)
... Removed 56 stack frames</pre></div><a href='#' onClick='toggleBox("stack-trace375039034", this, "Click to show all stack frames", "Click to hide stack frames")'>Click to show all stack frames</a>
<div class='stack-trace' id='stack-trace375039034'><pre>java.lang.Exception:  java.lang.Exception: FAILED == &apos;CO&apos; Client id is not found, please run CO and PL scenarios together.
	at nsf.ecap.Client_Suite.CreateClient.Create_Client_(CreateClient.java:224)
	at sun.reflect.NativeMethodAccessorImpl.invoke0(Native Method)
	at sun.reflect.NativeMethodAccessorImpl.invoke(NativeMethodAccessorImpl.java:62)
	at sun.reflect.DelegatingMethodAccessorImpl.invoke(DelegatingMethodAccessorImpl.java:43)
	at java.lang.reflect.Method.invoke(Method.java:498)
	at org.testng.internal.MethodInvocationHelper.invokeMethod(MethodInvocationHelper.java:133)
	at org.testng.internal.TestInvoker.invokeMethod(TestInvoker.java:598)
	at org.testng.internal.TestInvoker.invokeTestMethod(TestInvoker.java:173)
	at org.testng.internal.MethodRunner.runInSequence(MethodRunner.java:46)
	at org.testng.internal.TestInvoker$MethodInvocationAgent.invoke(TestInvoker.java:824)
	at org.testng.internal.TestInvoker.invokeTestMethods(TestInvoker.java:146)
	at org.testng.internal.TestMethodWorker.invokeTestMethods(TestMethodWorker.java:146)
	at org.testng.internal.TestMethodWorker.run(TestMethodWorker.java:128)
	at java.util.ArrayList.forEach(ArrayList.java:1257)
	at org.testng.TestRunner.privateRun(TestRunner.java:794)
	at org.testng.TestRunner.run(TestRunner.java:596)
	at org.testng.SuiteRunner.runTest(SuiteRunner.java:377)
	at org.testng.SuiteRunner.runSequentially(SuiteRunner.java:371)
	at org.testng.SuiteRunner.privateRun(SuiteRunner.java:332)
	at org.testng.SuiteRunner.run(SuiteRunner.java:276)
	at org.testng.SuiteRunnerWorker.runSuite(SuiteRunnerWorker.java:53)
	at org.testng.SuiteRunnerWorker.run(SuiteRunnerWorker.java:96)
	at org.testng.TestNG.runSuitesSequentially(TestNG.java:1212)
	at org.testng.TestNG.runSuitesSequentially(TestNG.java:1207)
	at org.testng.TestNG.runSuitesLocally(TestNG.java:1134)
	at org.testng.TestNG.runSuites(TestNG.java:1063)
	at org.testng.TestNG.run(TestNG.java:1031)
	at org.testng.remote.AbstractRemoteTestNG.run(AbstractRemoteTestNG.java:115)
	at org.testng.remote.RemoteTestNG.initAndRun(RemoteTestNG.java:251)
	at org.testng.remote.RemoteTestNG.main(RemoteTestNG.java:77)

	at nsf.ecap.Client_Suite.CreateClient.Create_Client_(CreateClient.java:348)
	at sun.reflect.NativeMethodAccessorImpl.invoke0(Native Method)
	at sun.reflect.NativeMethodAccessorImpl.invoke(NativeMethodAccessorImpl.java:62)
	at sun.reflect.DelegatingMethodAccessorImpl.invoke(DelegatingMethodAccessorImpl.java:43)
	at java.lang.reflect.Method.invoke(Method.java:498)
	at org.testng.internal.MethodInvocationHelper.invokeMethod(MethodInvocationHelper.java:133)
	at org.testng.internal.TestInvoker.invokeMethod(TestInvoker.java:598)
	at org.testng.internal.TestInvoker.invokeTestMethod(TestInvoker.java:173)
	at org.testng.internal.MethodRunner.runInSequence(MethodRunner.java:46)
	at org.testng.internal.TestInvoker$MethodInvocationAgent.invoke(TestInvoker.java:824)
	at org.testng.internal.TestInvoker.invokeTestMethods(TestInvoker.java:146)
	at org.testng.internal.TestMethodWorker.invokeTestMethods(TestMethodWorker.java:146)
	at org.testng.internal.TestMethodWorker.run(TestMethodWorker.java:128)
	at java.util.ArrayList.forEach(ArrayList.java:1257)
	at org.testng.TestRunner.privateRun(TestRunner.java:794)
	at org.testng.TestRunner.run(TestRunner.java:596)
	at org.testng.SuiteRunner.runTest(SuiteRunner.java:377)
	at org.testng.SuiteRunner.runSequentially(SuiteRunner.java:371)
	at org.testng.SuiteRunner.privateRun(SuiteRunner.java:332)
	at org.testng.SuiteRunner.run(SuiteRunner.java:276)
	at org.testng.SuiteRunnerWorker.runSuite(SuiteRunnerWorker.java:53)
	at org.testng.SuiteRunnerWorker.run(SuiteRunnerWorker.java:96)
	at org.testng.TestNG.runSuitesSequentially(TestNG.java:1212)
	at org.testng.TestNG.runSuitesSequentially(TestNG.java:1207)
	at org.testng.TestNG.runSuitesLocally(TestNG.java:1134)
	at org.testng.TestNG.runSuites(TestNG.java:1063)
	at org.testng.TestNG.run(TestNG.java:1031)
	at org.testng.remote.AbstractRemoteTestNG.run(AbstractRemoteTestNG.java:115)
	at org.testng.remote.RemoteTestNG.initAndRun(RemoteTestNG.java:251)
	at org.testng.remote.RemoteTestNG.main(RemoteTestNG.java:77)
</pre></div></td>
<td>0</td>
<td>nsf.ecap.Client_Suite.CreateClient@561b6512</td></tr>
<tr>
<td title='nsf.ecap.Client_Suite.CreateClient.Create_Client_()'><b>Create_Client_</b><br>Test class: nsf.ecap.Client_Suite.CreateClient<br>Parameters: Case#=1_a, CreateClient_ORG_CO<br/>
<a href="#Output-1929649021" onClick='toggleBox("Output-1929649021", this, "Show output", "Hide output");'>Show output</a>

<a href="#Output-1929649021" onClick="toggleAllBoxes();">Show all outputs</a>
<div class='log' id="Output-1929649021">
16-06-2022 10:12:24  =========================================================================================================================================<br/>
16-06-2022 10:12:24  ****************************************************************************************************************************************<br/>
16-06-2022 10:12:24  ################################## Execution Logs of  Case#=1_a for Scenario [CreateClient_ORG_CO].<br/>
16-06-2022 10:12:24  ###################################################### Test Case#=1_a for Scenario [CreateClient_ORG_CO]<br/>
16-06-2022 10:12:24  PASSED == Element is Visible having Xpath  >> Menu_Ajax_Link<br/>
16-06-2022 10:12:25  PASSED == Element is Visible having Xpath  >> CreateClient_Ajax_Link<br/>
16-06-2022 10:12:26  PASSED == Successfully Click on 'Create Client' Ajax Link.<br/>
16-06-2022 10:12:33  *********  Pause/Wait is for < 1 > seconds.  *****  <br/>
16-06-2022 10:12:33  PASSED == Element is Visible having Xpath  >> .//*[@id='mainForm:prprogcode']/div[3]/span<br/>
16-06-2022 10:12:33  PASSED == Click done on Element having Xpath >> .//*[@id='mainForm:prprogcode']/div[3]/span<br/>
16-06-2022 10:12:35  PASSED == Element is Visible having Xpath  >> //li[text()='ORGU0020 - Water Treatment Devices']<br/>
16-06-2022 10:12:35  PASSED == select value [ ORGU0020 - Water Treatment Devices ] from drop down done, having xpath >>  .//*[@id='mainForm:prprogcode']/div[3]/span<br/>
16-06-2022 10:12:38  *********  Pause/Wait is for < 1 > seconds.  *****  <br/>
16-06-2022 10:12:38  PASSED == Element is Visible having Xpath  >> CreateClient_ClientInfo_Name<br/>
16-06-2022 10:12:38  PASSED == Successfully Type Value<Test Script CO> on Element having Xpath  >> CreateClient_ClientInfo_Name<br/>
16-06-2022 10:12:39  PASSED == Successfully Click on Element having Xpath >> CreateClient_ClientInfo_Type_DD_Click<br/>
16-06-2022 10:12:39  PASSED == Element is Visible having Xpath  >> CreateClient_ClientInfo_Type_DD_Value<br/>
16-06-2022 10:12:39  PASSED == Successfully select value [ CO ] from drop down, having xpath >>  CreateClient_ClientInfo_Type_DD_Click<br/>
16-06-2022 10:12:39  PASSED == Successfully Type Value<AutomationTest CO> on Element having Xpath  >> CreateClient_ClientAddress_AddressLine1<br/>
16-06-2022 10:12:39  PASSED == Successfully Type Value<D/T=16Jun22/10:12 IST> on Element having Xpath  >> CreateClient_ClientAddress_AddressLine2<br/>
16-06-2022 10:12:39  PASSED == Successfully Type Value<Ann Arbor> on Element having Xpath  >> CreateClient_ClientAddress_City<br/>
16-06-2022 10:12:39  PASSED == Successfully Click on Element having Xpath >> CreateClient_ClientAddress_State_DD_Click<br/>
16-06-2022 10:12:40  PASSED == Element is Visible having Xpath  >> CreateClient_ClientAddress_State_DD_Value<br/>
16-06-2022 10:12:40  PASSED == Successfully select value [ Massachusetts ] from drop down, having xpath >>  CreateClient_ClientAddress_State_DD_Click<br/>
16-06-2022 10:12:42  *********  Progressing Loading image is displayed for < 1 > seconds.<br/>
16-06-2022 10:12:42  PASSED == Element is Visible having Xpath  >> CreateClient_ClientAddress_Postal<br/>
16-06-2022 10:12:42  PASSED == Successfully Type Value<16062022> on Element having Xpath  >> CreateClient_ClientAddress_Postal<br/>
16-06-2022 10:12:42  PASSED == Successfully Type Value<222-222-2222> on Element having Xpath  >> CreateClient_ClientAddress_Primary_Phone<br/>
16-06-2022 10:12:43  PASSED == Successfully Type Value<AutomationTest@nsf.org> on Element having Xpath  >> CreateClient_ClientAddress_ContactEmail<br/>
16-06-2022 10:12:43  PASSED == Successfully Type Value<COTestFName> on Element having Xpath  >> CreateClient_PrimaryContactDetails_FirstName<br/>
16-06-2022 10:12:43  PASSED == Successfully Type Value<COTestLName> on Element having Xpath  >> CreateClient_PrimaryContactDetails_LastName<br/>
16-06-2022 10:12:43  PASSED == Successfully Type Value<AutomationTest@nsf.org> on Element having Xpath  >> CreateClient_PrimaryContactDetails_Email<br/>
16-06-2022 10:12:43  PASSED == Successfully Type Value<333-333-3333> on Element having Xpath  >> CreateClient_PrimaryContactDetails_Phone<br/>
16-06-2022 10:12:43  PASSED == Successfully Click on Element having Xpath >> CreateClient_PrimaryContactDetails_BillToOffice_Dd_Click<br/>
16-06-2022 10:12:44  PASSED == Element is Visible having Xpath  >> CreateClient_PrimaryContactDetails_BillToOffice_Dd_Value<br/>
16-06-2022 10:12:44  PASSED == Successfully select value [ NSFUSA ] from drop down, having xpath >>  CreateClient_PrimaryContactDetails_BillToOffice_Dd_Click<br/>
16-06-2022 10:12:47  *********  Pause/Wait is for < 1 > seconds.  *****  <br/>
16-06-2022 10:12:47  PASSED == Successfully Click on Element having Xpath >> CreateClient_AccountManager_LookUp_Bttn<br/>
16-06-2022 10:12:49  *********  Progressing Loading image is displayed for < 1 > seconds.<br/>
16-06-2022 10:12:49  PASSED == Successfully Type Value<M7890000> on Element having Xpath  >> CreateClient_AccountManager_LookUp_Bttn_Text<br/>
16-06-2022 10:12:52  *********  Pause/Wait is for < 1 > seconds.  *****  <br/>
16-06-2022 10:12:57  *********  Progressing Loading image is displayed for < 4 > seconds.<br/>
16-06-2022 10:12:59  PASSED == Element is Visible having Xpath  >> lookup_select_radio_bttn<br/>
16-06-2022 10:13:00  *********  Pause/Wait is for < 1 > seconds.  *****  <br/>
16-06-2022 10:13:02  *********  Progressing Loading image is displayed for < 1 > seconds.<br/>
16-06-2022 10:13:03  PASSED == Successfully Select Account Manager Lookup  Radio Button<br/>
16-06-2022 10:13:05  PASSED == Successfully Click on Element having Xpath >> CreateClient_Create_Bttn<br/>
16-06-2022 10:13:09  *********  Progressing Loading image is displayed for < 3 > seconds.<br/>
16-06-2022 10:13:09  Getting Un-Expected Application Error <We are sorry...an unexpected error has occurred. Details have been forwarded to the Application Support Team for investigation. If the problem persists, please submit an issue on the Apps Portal.>, please refer screenshot >>UnExpectedError_16.06.2022_10.13.09*****  < //div[@class='blockUI blockOverlay'] >  Exception (java.lang.IllegalArgumentException
	at nsf.ecap.Client_Suite.TestSuiteBase_CLNT.fnsLoading_Progressingwait(TestSuiteBase_CLNT.java:2179)
	at nsf.ecap.Client_Suite.CreateClient.Create_Client_(CreateClient.java:177)
	at sun.reflect.NativeMethodAccessorImpl.invoke0(Native Method)
	at sun.reflect.NativeMethodAccessorImpl.invoke(NativeMethodAccessorImpl.java:62)
	at sun.reflect.DelegatingMethodAccessorImpl.invoke(DelegatingMethodAccessorImpl.java:43)
	at java.lang.reflect.Method.invoke(Method.java:498)
	at org.testng.internal.MethodInvocationHelper.invokeMethod(MethodInvocationHelper.java:133)
	at org.testng.internal.TestInvoker.invokeMethod(TestInvoker.java:598)
	at org.testng.internal.TestInvoker.invokeTestMethod(TestInvoker.java:173)
	at org.testng.internal.MethodRunner.runInSequence(MethodRunner.java:46)
	at org.testng.internal.TestInvoker$MethodInvocationAgent.invoke(TestInvoker.java:824)
	at org.testng.internal.TestInvoker.invokeTestMethods(TestInvoker.java:146)
	at org.testng.internal.TestMethodWorker.invokeTestMethods(TestMethodWorker.java:146)
	at org.testng.internal.TestMethodWorker.run(TestMethodWorker.java:128)
	at java.util.ArrayList.forEach(ArrayList.java:1257)
	at org.testng.TestRunner.privateRun(TestRunner.java:794)
	at org.testng.TestRunner.run(TestRunner.java:596)
	at org.testng.SuiteRunner.runTest(SuiteRunner.java:377)
	at org.testng.SuiteRunner.runSequentially(SuiteRunner.java:371)
	at org.testng.SuiteRunner.privateRun(SuiteRunner.java:332)
	at org.testng.SuiteRunner.run(SuiteRunner.java:276)
	at org.testng.SuiteRunnerWorker.runSuite(SuiteRunnerWorker.java:53)
	at org.testng.SuiteRunnerWorker.run(SuiteRunnerWorker.java:96)
	at org.testng.TestNG.runSuitesSequentially(TestNG.java:1212)
	at org.testng.TestNG.runSuitesSequentially(TestNG.java:1207)
	at org.testng.TestNG.runSuitesLocally(TestNG.java:1134)
	at org.testng.TestNG.runSuites(TestNG.java:1063)
	at org.testng.TestNG.run(TestNG.java:1031)
	at org.testng.remote.AbstractRemoteTestNG.run(AbstractRemoteTestNG.java:115)
	at org.testng.remote.RemoteTestNG.initAndRun(RemoteTestNG.java:251)
	at org.testng.remote.RemoteTestNG.main(RemoteTestNG.java:77)
<br/>
16-06-2022 10:13:09   java.lang.Exception: Getting Un-Expected Application Error <We are sorry...an unexpected error has occurred. Details have been forwarded to the Application Support Team for investigation. If the problem persists, please submit an issue on the Apps Portal.>, please refer screenshot >> UnExpectedError_16.06.2022_10.13.09*****  < //div[@class='blockUI blockOverlay'] >  Exception (java.lang.IllegalArgumentException
	at nsf.ecap.Client_Suite.TestSuiteBase_CLNT.fnsLoading_Progressingwait(TestSuiteBase_CLNT.java:2179)
	at nsf.ecap.Client_Suite.CreateClient.Create_Client_(CreateClient.java:177)
	at sun.reflect.NativeMethodAccessorImpl.invoke0(Native Method)
	at sun.reflect.NativeMethodAccessorImpl.invoke(NativeMethodAccessorImpl.java:62)
	at sun.reflect.DelegatingMethodAccessorImpl.invoke(DelegatingMethodAccessorImpl.java:43)
	at java.lang.reflect.Method.invoke(Method.java:498)
	at org.testng.internal.MethodInvocationHelper.invokeMethod(MethodInvocationHelper.java:133)
	at org.testng.internal.TestInvoker.invokeMethod(TestInvoker.java:598)
	at org.testng.internal.TestInvoker.invokeTestMethod(TestInvoker.java:173)
	at org.testng.internal.MethodRunner.runInSequence(MethodRunner.java:46)
	at org.testng.internal.TestInvoker$MethodInvocationAgent.invoke(TestInvoker.java:824)
	at org.testng.internal.TestInvoker.invokeTestMethods(TestInvoker.java:146)
	at org.testng.internal.TestMethodWorker.invokeTestMethods(TestMethodWorker.java:146)
	at org.testng.internal.TestMethodWorker.run(TestMethodWorker.java:128)
	at java.util.ArrayList.forEach(ArrayList.java:1257)
	at org.testng.TestRunner.privateRun(TestRunner.java:794)
	at org.testng.TestRunner.run(TestRunner.java:596)
	at org.testng.SuiteRunner.runTest(SuiteRunner.java:377)
	at org.testng.SuiteRunner.runSequentially(SuiteRunner.java:371)
	at org.testng.SuiteRunner.privateRun(SuiteRunner.java:332)
	at org.testng.SuiteRunner.run(SuiteRunner.java:276)
	at org.testng.SuiteRunnerWorker.runSuite(SuiteRunnerWorker.java:53)
	at org.testng.SuiteRunnerWorker.run(SuiteRunnerWorker.java:96)
	at org.testng.TestNG.runSuitesSequentially(TestNG.java:1212)
	at org.testng.TestNG.runSuitesSequentially(TestNG.java:1207)
	at org.testng.TestNG.runSuitesLocally(TestNG.java:1134)
	at org.testng.TestNG.runSuites(TestNG.java:1063)
	at org.testng.TestNG.run(TestNG.java:1031)
	at org.testng.remote.AbstractRemoteTestNG.run(AbstractRemoteTestNG.java:115)
	at org.testng.remote.RemoteTestNG.initAndRun(RemoteTestNG.java:251)
	at org.testng.remote.RemoteTestNG.main(RemoteTestNG.java:77)

	at nsf.ecap.Client_Suite.TestSuiteBase_CLNT.fnsLoading_Progressingwait(TestSuiteBase_CLNT.java:2187)
	at nsf.ecap.Client_Suite.CreateClient.Create_Client_(CreateClient.java:177)
	at sun.reflect.NativeMethodAccessorImpl.invoke0(Native Method)
	at sun.reflect.NativeMethodAccessorImpl.invoke(NativeMethodAccessorImpl.java:62)
	at sun.reflect.DelegatingMethodAccessorImpl.invoke(DelegatingMethodAccessorImpl.java:43)
	at java.lang.reflect.Method.invoke(Method.java:498)
	at org.testng.internal.MethodInvocationHelper.invokeMethod(MethodInvocationHelper.java:133)
	at org.testng.internal.TestInvoker.invokeMethod(TestInvoker.java:598)
	at org.testng.internal.TestInvoker.invokeTestMethod(TestInvoker.java:173)
	at org.testng.internal.MethodRunner.runInSequence(MethodRunner.java:46)
	at org.testng.internal.TestInvoker$MethodInvocationAgent.invoke(TestInvoker.java:824)
	at org.testng.internal.TestInvoker.invokeTestMethods(TestInvoker.java:146)
	at org.testng.internal.TestMethodWorker.invokeTestMethods(TestMethodWorker.java:146)
	at org.testng.internal.TestMethodWorker.run(TestMethodWorker.java:128)
	at java.util.ArrayList.forEach(ArrayList.java:1257)
	at org.testng.TestRunner.privateRun(TestRunner.java:794)
	at org.testng.TestRunner.run(TestRunner.java:596)
	at org.testng.SuiteRunner.runTest(SuiteRunner.java:377)
	at org.testng.SuiteRunner.runSequentially(SuiteRunner.java:371)
	at org.testng.SuiteRunner.privateRun(SuiteRunner.java:332)
	at org.testng.SuiteRunner.run(SuiteRunner.java:276)
	at org.testng.SuiteRunnerWorker.runSuite(SuiteRunnerWorker.java:53)
	at org.testng.SuiteRunnerWorker.run(SuiteRunnerWorker.java:96)
	at org.testng.TestNG.runSuitesSequentially(TestNG.java:1212)
	at org.testng.TestNG.runSuitesSequentially(TestNG.java:1207)
	at org.testng.TestNG.runSuitesLocally(TestNG.java:1134)
	at org.testng.TestNG.runSuites(TestNG.java:1063)
	at org.testng.TestNG.run(TestNG.java:1031)
	at org.testng.remote.AbstractRemoteTestNG.run(AbstractRemoteTestNG.java:115)
	at org.testng.remote.RemoteTestNG.initAndRun(RemoteTestNG.java:251)
	at org.testng.remote.RemoteTestNG.main(RemoteTestNG.java:77)
<br/>
</div>
</td>
<td><div><pre>java.lang.Exception:  java.lang.Exception: Getting Un-Expected Application Error &lt;We are sorry...an unexpected error has occurred. Details have been forwarded to the Application Support Team for investigation. If the problem persists, please submit an issue on the Apps Portal.&gt;, please refer screenshot &gt;&gt; UnExpectedError_16.06.2022_10.13.09*****  &lt; //div[@class=&apos;blockUI blockOverlay&apos;] &gt;  Exception (java.lang.IllegalArgumentException
	at nsf.ecap.Client_Suite.TestSuiteBase_CLNT.fnsLoading_Progressingwait(TestSuiteBase_CLNT.java:2179)
	at nsf.ecap.Client_Suite.CreateClient.Create_Client_(CreateClient.java:177)
	at java.util.ArrayList.forEach(ArrayList.java:1257)

	at nsf.ecap.Client_Suite.TestSuiteBase_CLNT.fnsLoading_Progressingwait(TestSuiteBase_CLNT.java:2187)
	at nsf.ecap.Client_Suite.CreateClient.Create_Client_(CreateClient.java:177)
	at java.util.ArrayList.forEach(ArrayList.java:1257)

	at nsf.ecap.Client_Suite.CreateClient.Create_Client_(CreateClient.java:348)
	at java.util.ArrayList.forEach(ArrayList.java:1257)
... Removed 84 stack frames</pre></div><a href='#' onClick='toggleBox("stack-trace1929649021", this, "Click to show all stack frames", "Click to hide stack frames")'>Click to show all stack frames</a>
<div class='stack-trace' id='stack-trace1929649021'><pre>java.lang.Exception:  java.lang.Exception: Getting Un-Expected Application Error &lt;We are sorry...an unexpected error has occurred. Details have been forwarded to the Application Support Team for investigation. If the problem persists, please submit an issue on the Apps Portal.&gt;, please refer screenshot &gt;&gt; UnExpectedError_16.06.2022_10.13.09*****  &lt; //div[@class=&apos;blockUI blockOverlay&apos;] &gt;  Exception (java.lang.IllegalArgumentException
	at nsf.ecap.Client_Suite.TestSuiteBase_CLNT.fnsLoading_Progressingwait(TestSuiteBase_CLNT.java:2179)
	at nsf.ecap.Client_Suite.CreateClient.Create_Client_(CreateClient.java:177)
	at sun.reflect.NativeMethodAccessorImpl.invoke0(Native Method)
	at sun.reflect.NativeMethodAccessorImpl.invoke(NativeMethodAccessorImpl.java:62)
	at sun.reflect.DelegatingMethodAccessorImpl.invoke(DelegatingMethodAccessorImpl.java:43)
	at java.lang.reflect.Method.invoke(Method.java:498)
	at org.testng.internal.MethodInvocationHelper.invokeMethod(MethodInvocationHelper.java:133)
	at org.testng.internal.TestInvoker.invokeMethod(TestInvoker.java:598)
	at org.testng.internal.TestInvoker.invokeTestMethod(TestInvoker.java:173)
	at org.testng.internal.MethodRunner.runInSequence(MethodRunner.java:46)
	at org.testng.internal.TestInvoker$MethodInvocationAgent.invoke(TestInvoker.java:824)
	at org.testng.internal.TestInvoker.invokeTestMethods(TestInvoker.java:146)
	at org.testng.internal.TestMethodWorker.invokeTestMethods(TestMethodWorker.java:146)
	at org.testng.internal.TestMethodWorker.run(TestMethodWorker.java:128)
	at java.util.ArrayList.forEach(ArrayList.java:1257)
	at org.testng.TestRunner.privateRun(TestRunner.java:794)
	at org.testng.TestRunner.run(TestRunner.java:596)
	at org.testng.SuiteRunner.runTest(SuiteRunner.java:377)
	at org.testng.SuiteRunner.runSequentially(SuiteRunner.java:371)
	at org.testng.SuiteRunner.privateRun(SuiteRunner.java:332)
	at org.testng.SuiteRunner.run(SuiteRunner.java:276)
	at org.testng.SuiteRunnerWorker.runSuite(SuiteRunnerWorker.java:53)
	at org.testng.SuiteRunnerWorker.run(SuiteRunnerWorker.java:96)
	at org.testng.TestNG.runSuitesSequentially(TestNG.java:1212)
	at org.testng.TestNG.runSuitesSequentially(TestNG.java:1207)
	at org.testng.TestNG.runSuitesLocally(TestNG.java:1134)
	at org.testng.TestNG.runSuites(TestNG.java:1063)
	at org.testng.TestNG.run(TestNG.java:1031)
	at org.testng.remote.AbstractRemoteTestNG.run(AbstractRemoteTestNG.java:115)
	at org.testng.remote.RemoteTestNG.initAndRun(RemoteTestNG.java:251)
	at org.testng.remote.RemoteTestNG.main(RemoteTestNG.java:77)

	at nsf.ecap.Client_Suite.TestSuiteBase_CLNT.fnsLoading_Progressingwait(TestSuiteBase_CLNT.java:2187)
	at nsf.ecap.Client_Suite.CreateClient.Create_Client_(CreateClient.java:177)
	at sun.reflect.NativeMethodAccessorImpl.invoke0(Native Method)
	at sun.reflect.NativeMethodAccessorImpl.invoke(NativeMethodAccessorImpl.java:62)
	at sun.reflect.DelegatingMethodAccessorImpl.invoke(DelegatingMethodAccessorImpl.java:43)
	at java.lang.reflect.Method.invoke(Method.java:498)
	at org.testng.internal.MethodInvocationHelper.invokeMethod(MethodInvocationHelper.java:133)
	at org.testng.internal.TestInvoker.invokeMethod(TestInvoker.java:598)
	at org.testng.internal.TestInvoker.invokeTestMethod(TestInvoker.java:173)
	at org.testng.internal.MethodRunner.runInSequence(MethodRunner.java:46)
	at org.testng.internal.TestInvoker$MethodInvocationAgent.invoke(TestInvoker.java:824)
	at org.testng.internal.TestInvoker.invokeTestMethods(TestInvoker.java:146)
	at org.testng.internal.TestMethodWorker.invokeTestMethods(TestMethodWorker.java:146)
	at org.testng.internal.TestMethodWorker.run(TestMethodWorker.java:128)
	at java.util.ArrayList.forEach(ArrayList.java:1257)
	at org.testng.TestRunner.privateRun(TestRunner.java:794)
	at org.testng.TestRunner.run(TestRunner.java:596)
	at org.testng.SuiteRunner.runTest(SuiteRunner.java:377)
	at org.testng.SuiteRunner.runSequentially(SuiteRunner.java:371)
	at org.testng.SuiteRunner.privateRun(SuiteRunner.java:332)
	at org.testng.SuiteRunner.run(SuiteRunner.java:276)
	at org.testng.SuiteRunnerWorker.runSuite(SuiteRunnerWorker.java:53)
	at org.testng.SuiteRunnerWorker.run(SuiteRunnerWorker.java:96)
	at org.testng.TestNG.runSuitesSequentially(TestNG.java:1212)
	at org.testng.TestNG.runSuitesSequentially(TestNG.java:1207)
	at org.testng.TestNG.runSuitesLocally(TestNG.java:1134)
	at org.testng.TestNG.runSuites(TestNG.java:1063)
	at org.testng.TestNG.run(TestNG.java:1031)
	at org.testng.remote.AbstractRemoteTestNG.run(AbstractRemoteTestNG.java:115)
	at org.testng.remote.RemoteTestNG.initAndRun(RemoteTestNG.java:251)
	at org.testng.remote.RemoteTestNG.main(RemoteTestNG.java:77)

	at nsf.ecap.Client_Suite.CreateClient.Create_Client_(CreateClient.java:348)
	at sun.reflect.NativeMethodAccessorImpl.invoke0(Native Method)
	at sun.reflect.NativeMethodAccessorImpl.invoke(NativeMethodAccessorImpl.java:62)
	at sun.reflect.DelegatingMethodAccessorImpl.invoke(DelegatingMethodAccessorImpl.java:43)
	at java.lang.reflect.Method.invoke(Method.java:498)
	at org.testng.internal.MethodInvocationHelper.invokeMethod(MethodInvocationHelper.java:133)
	at org.testng.internal.TestInvoker.invokeMethod(TestInvoker.java:598)
	at org.testng.internal.TestInvoker.invokeTestMethod(TestInvoker.java:173)
	at org.testng.internal.MethodRunner.runInSequence(MethodRunner.java:46)
	at org.testng.internal.TestInvoker$MethodInvocationAgent.invoke(TestInvoker.java:824)
	at org.testng.internal.TestInvoker.invokeTestMethods(TestInvoker.java:146)
	at org.testng.internal.TestMethodWorker.invokeTestMethods(TestMethodWorker.java:146)
	at org.testng.internal.TestMethodWorker.run(TestMethodWorker.java:128)
	at java.util.ArrayList.forEach(ArrayList.java:1257)
	at org.testng.TestRunner.privateRun(TestRunner.java:794)
	at org.testng.TestRunner.run(TestRunner.java:596)
	at org.testng.SuiteRunner.runTest(SuiteRunner.java:377)
	at org.testng.SuiteRunner.runSequentially(SuiteRunner.java:371)
	at org.testng.SuiteRunner.privateRun(SuiteRunner.java:332)
	at org.testng.SuiteRunner.run(SuiteRunner.java:276)
	at org.testng.SuiteRunnerWorker.runSuite(SuiteRunnerWorker.java:53)
	at org.testng.SuiteRunnerWorker.run(SuiteRunnerWorker.java:96)
	at org.testng.TestNG.runSuitesSequentially(TestNG.java:1212)
	at org.testng.TestNG.runSuitesSequentially(TestNG.java:1207)
	at org.testng.TestNG.runSuitesLocally(TestNG.java:1134)
	at org.testng.TestNG.runSuites(TestNG.java:1063)
	at org.testng.TestNG.run(TestNG.java:1031)
	at org.testng.remote.AbstractRemoteTestNG.run(AbstractRemoteTestNG.java:115)
	at org.testng.remote.RemoteTestNG.initAndRun(RemoteTestNG.java:251)
	at org.testng.remote.RemoteTestNG.main(RemoteTestNG.java:77)
</pre></div></td>
<td>45</td>
<td>nsf.ecap.Client_Suite.CreateClient@561b6512</td></tr>
<tr>
<td title='nsf.ecap.Client_Suite.CreateClient.Create_Client_()'><b>Create_Client_</b><br>Test class: nsf.ecap.Client_Suite.CreateClient<br>Parameters: Case#=2_a, CreateClient_ISR_CO<br/>
<a href="#Output-477643715" onClick='toggleBox("Output-477643715", this, "Show output", "Hide output");'>Show output</a>

<a href="#Output-477643715" onClick="toggleAllBoxes();">Show all outputs</a>
<div class='log' id="Output-477643715">
16-06-2022 10:13:09  =========================================================================================================================================<br/>
16-06-2022 10:13:09  ****************************************************************************************************************************************<br/>
16-06-2022 10:13:09  ################################## Execution Logs of  Case#=2_a for Scenario [CreateClient_ISR_CO].<br/>
16-06-2022 10:13:09  ###################################################### Test Case#=2_a for Scenario [CreateClient_ISR_CO]<br/>
16-06-2022 10:13:09  PASSED == Element is Visible having Xpath  >> Menu_Ajax_Link<br/>
16-06-2022 10:13:11  PASSED == Element is Visible having Xpath  >> CreateClient_Ajax_Link<br/>
16-06-2022 10:13:11  PASSED == Successfully Click on 'Create Client' Ajax Link.<br/>
16-06-2022 10:13:18  *********  Pause/Wait is for < 1 > seconds.  *****  <br/>
16-06-2022 10:13:19  PASSED == Element is Visible having Xpath  >> .//*[@id='mainForm:prprogcode']/div[3]/span<br/>
16-06-2022 10:13:19  PASSED == Click done on Element having Xpath >> .//*[@id='mainForm:prprogcode']/div[3]/span<br/>
16-06-2022 10:13:21  PASSED == Element is Visible having Xpath  >> //li[text()='ISRUK - ISR - United Kingdom']<br/>
16-06-2022 10:13:21  PASSED == select value [ ISRUK - ISR - United Kingdom ] from drop down done, having xpath >>  .//*[@id='mainForm:prprogcode']/div[3]/span<br/>
16-06-2022 10:13:25  *********  Progressing Loading image is displayed for < 1 > seconds.<br/>
16-06-2022 10:13:25  PASSED == Element is Visible having Xpath  >> CreateClient_ClientInfo_Name<br/>
16-06-2022 10:13:25  PASSED == Successfully Type Value<Test Script CO> on Element having Xpath  >> CreateClient_ClientInfo_Name<br/>
16-06-2022 10:13:25  PASSED == Successfully Click on Element having Xpath >> CreateClient_ClientInfo_Type_DD_Click<br/>
16-06-2022 10:13:25  PASSED == Element is Visible having Xpath  >> CreateClient_ClientInfo_Type_DD_Value<br/>
16-06-2022 10:13:25  PASSED == Successfully select value [ CO ] from drop down, having xpath >>  CreateClient_ClientInfo_Type_DD_Click<br/>
16-06-2022 10:13:26  PASSED == Successfully Type Value<AutomationTest CO> on Element having Xpath  >> CreateClient_ClientAddress_AddressLine1<br/>
16-06-2022 10:13:26  PASSED == Successfully Type Value<D/T=16Jun22/10:13 IST> on Element having Xpath  >> CreateClient_ClientAddress_AddressLine2<br/>
16-06-2022 10:13:26  PASSED == Successfully Type Value<Ann Arbor> on Element having Xpath  >> CreateClient_ClientAddress_City<br/>
16-06-2022 10:13:26  PASSED == Successfully Click on Element having Xpath >> CreateClient_ClientAddress_State_DD_Click<br/>
16-06-2022 10:13:26  PASSED == Element is Visible having Xpath  >> CreateClient_ClientAddress_State_DD_Value<br/>
16-06-2022 10:13:27  PASSED == Successfully select value [ Massachusetts ] from drop down, having xpath >>  CreateClient_ClientAddress_State_DD_Click<br/>
16-06-2022 10:13:28  *********  Progressing Loading image is displayed for < 1 > seconds.<br/>
16-06-2022 10:13:29  PASSED == Element is Visible having Xpath  >> CreateClient_ClientAddress_Postal<br/>
16-06-2022 10:13:29  PASSED == Successfully Type Value<16062022> on Element having Xpath  >> CreateClient_ClientAddress_Postal<br/>
16-06-2022 10:13:29  PASSED == Successfully Type Value<222-222-2222> on Element having Xpath  >> CreateClient_ClientAddress_Primary_Phone<br/>
16-06-2022 10:13:29  PASSED == Successfully Type Value<AutomationTest@nsf.org> on Element having Xpath  >> CreateClient_ClientAddress_ContactEmail<br/>
16-06-2022 10:13:29  PASSED == Successfully Type Value<COTestFName> on Element having Xpath  >> CreateClient_PrimaryContactDetails_FirstName<br/>
16-06-2022 10:13:30  PASSED == Successfully Type Value<COTestLName> on Element having Xpath  >> CreateClient_PrimaryContactDetails_LastName<br/>
16-06-2022 10:13:30  PASSED == Successfully Type Value<AutomationTest@nsf.org> on Element having Xpath  >> CreateClient_PrimaryContactDetails_Email<br/>
16-06-2022 10:13:30  PASSED == Successfully Type Value<333-333-3333> on Element having Xpath  >> CreateClient_PrimaryContactDetails_Phone<br/>
16-06-2022 10:13:30  PASSED == Successfully Click on Element having Xpath >> CreateClient_PrimaryContactDetails_BillToOffice_Dd_Click<br/>
16-06-2022 10:13:30  PASSED == Element is Visible having Xpath  >> CreateClient_PrimaryContactDetails_BillToOffice_Dd_Value<br/>
16-06-2022 10:13:31  PASSED == Successfully select value [ NSFUSA ] from drop down, having xpath >>  CreateClient_PrimaryContactDetails_BillToOffice_Dd_Click<br/>
16-06-2022 10:13:33  *********  Pause/Wait is for < 1 > seconds.  *****  <br/>
16-06-2022 10:13:34  PASSED == Successfully Click on Element having Xpath >> CreateClient_AccountManager_LookUp_Bttn<br/>
16-06-2022 10:13:35  *********  Progressing Loading image is displayed for < 1 > seconds.<br/>
16-06-2022 10:13:36  PASSED == Successfully Type Value<M7890000> on Element having Xpath  >> CreateClient_AccountManager_LookUp_Bttn_Text<br/>
16-06-2022 10:13:38  *********  Pause/Wait is for < 1 > seconds.  *****  <br/>
16-06-2022 10:13:42  *********  Progressing Loading image is displayed for < 3 > seconds.<br/>
16-06-2022 10:13:44  PASSED == Element is Visible having Xpath  >> lookup_select_radio_bttn<br/>
16-06-2022 10:13:46  *********  Pause/Wait is for < 1 > seconds.  *****  <br/>
16-06-2022 10:13:47  *********  Pause/Wait is for < 1 > seconds.  *****  <br/>
16-06-2022 10:13:48  PASSED == Successfully Select Account Manager Lookup  Radio Button<br/>
16-06-2022 10:13:49  PASSED == Successfully Click on Element having Xpath >> CreateClient_Create_Bttn<br/>
16-06-2022 10:13:52  *********  Progressing Loading image is displayed for < 2 > seconds.<br/>
16-06-2022 10:13:53  Getting Un-Expected Application Error <We are sorry...an unexpected error has occurred. Details have been forwarded to the Application Support Team for investigation. If the problem persists, please submit an issue on the Apps Portal.>, please refer screenshot >>UnExpectedError_16.06.2022_10.13.53*****  < //div[@class='blockUI blockOverlay'] >  Exception (java.lang.IllegalArgumentException
	at nsf.ecap.Client_Suite.TestSuiteBase_CLNT.fnsLoading_Progressingwait(TestSuiteBase_CLNT.java:2179)
	at nsf.ecap.Client_Suite.CreateClient.Create_Client_(CreateClient.java:177)
	at sun.reflect.NativeMethodAccessorImpl.invoke0(Native Method)
	at sun.reflect.NativeMethodAccessorImpl.invoke(NativeMethodAccessorImpl.java:62)
	at sun.reflect.DelegatingMethodAccessorImpl.invoke(DelegatingMethodAccessorImpl.java:43)
	at java.lang.reflect.Method.invoke(Method.java:498)
	at org.testng.internal.MethodInvocationHelper.invokeMethod(MethodInvocationHelper.java:133)
	at org.testng.internal.TestInvoker.invokeMethod(TestInvoker.java:598)
	at org.testng.internal.TestInvoker.invokeTestMethod(TestInvoker.java:173)
	at org.testng.internal.MethodRunner.runInSequence(MethodRunner.java:46)
	at org.testng.internal.TestInvoker$MethodInvocationAgent.invoke(TestInvoker.java:824)
	at org.testng.internal.TestInvoker.invokeTestMethods(TestInvoker.java:146)
	at org.testng.internal.TestMethodWorker.invokeTestMethods(TestMethodWorker.java:146)
	at org.testng.internal.TestMethodWorker.run(TestMethodWorker.java:128)
	at java.util.ArrayList.forEach(ArrayList.java:1257)
	at org.testng.TestRunner.privateRun(TestRunner.java:794)
	at org.testng.TestRunner.run(TestRunner.java:596)
	at org.testng.SuiteRunner.runTest(SuiteRunner.java:377)
	at org.testng.SuiteRunner.runSequentially(SuiteRunner.java:371)
	at org.testng.SuiteRunner.privateRun(SuiteRunner.java:332)
	at org.testng.SuiteRunner.run(SuiteRunner.java:276)
	at org.testng.SuiteRunnerWorker.runSuite(SuiteRunnerWorker.java:53)
	at org.testng.SuiteRunnerWorker.run(SuiteRunnerWorker.java:96)
	at org.testng.TestNG.runSuitesSequentially(TestNG.java:1212)
	at org.testng.TestNG.runSuitesSequentially(TestNG.java:1207)
	at org.testng.TestNG.runSuitesLocally(TestNG.java:1134)
	at org.testng.TestNG.runSuites(TestNG.java:1063)
	at org.testng.TestNG.run(TestNG.java:1031)
	at org.testng.remote.AbstractRemoteTestNG.run(AbstractRemoteTestNG.java:115)
	at org.testng.remote.RemoteTestNG.initAndRun(RemoteTestNG.java:251)
	at org.testng.remote.RemoteTestNG.main(RemoteTestNG.java:77)
<br/>
16-06-2022 10:13:53   java.lang.Exception: Getting Un-Expected Application Error <We are sorry...an unexpected error has occurred. Details have been forwarded to the Application Support Team for investigation. If the problem persists, please submit an issue on the Apps Portal.>, please refer screenshot >> UnExpectedError_16.06.2022_10.13.53*****  < //div[@class='blockUI blockOverlay'] >  Exception (java.lang.IllegalArgumentException
	at nsf.ecap.Client_Suite.TestSuiteBase_CLNT.fnsLoading_Progressingwait(TestSuiteBase_CLNT.java:2179)
	at nsf.ecap.Client_Suite.CreateClient.Create_Client_(CreateClient.java:177)
	at sun.reflect.NativeMethodAccessorImpl.invoke0(Native Method)
	at sun.reflect.NativeMethodAccessorImpl.invoke(NativeMethodAccessorImpl.java:62)
	at sun.reflect.DelegatingMethodAccessorImpl.invoke(DelegatingMethodAccessorImpl.java:43)
	at java.lang.reflect.Method.invoke(Method.java:498)
	at org.testng.internal.MethodInvocationHelper.invokeMethod(MethodInvocationHelper.java:133)
	at org.testng.internal.TestInvoker.invokeMethod(TestInvoker.java:598)
	at org.testng.internal.TestInvoker.invokeTestMethod(TestInvoker.java:173)
	at org.testng.internal.MethodRunner.runInSequence(MethodRunner.java:46)
	at org.testng.internal.TestInvoker$MethodInvocationAgent.invoke(TestInvoker.java:824)
	at org.testng.internal.TestInvoker.invokeTestMethods(TestInvoker.java:146)
	at org.testng.internal.TestMethodWorker.invokeTestMethods(TestMethodWorker.java:146)
	at org.testng.internal.TestMethodWorker.run(TestMethodWorker.java:128)
	at java.util.ArrayList.forEach(ArrayList.java:1257)
	at org.testng.TestRunner.privateRun(TestRunner.java:794)
	at org.testng.TestRunner.run(TestRunner.java:596)
	at org.testng.SuiteRunner.runTest(SuiteRunner.java:377)
	at org.testng.SuiteRunner.runSequentially(SuiteRunner.java:371)
	at org.testng.SuiteRunner.privateRun(SuiteRunner.java:332)
	at org.testng.SuiteRunner.run(SuiteRunner.java:276)
	at org.testng.SuiteRunnerWorker.runSuite(SuiteRunnerWorker.java:53)
	at org.testng.SuiteRunnerWorker.run(SuiteRunnerWorker.java:96)
	at org.testng.TestNG.runSuitesSequentially(TestNG.java:1212)
	at org.testng.TestNG.runSuitesSequentially(TestNG.java:1207)
	at org.testng.TestNG.runSuitesLocally(TestNG.java:1134)
	at org.testng.TestNG.runSuites(TestNG.java:1063)
	at org.testng.TestNG.run(TestNG.java:1031)
	at org.testng.remote.AbstractRemoteTestNG.run(AbstractRemoteTestNG.java:115)
	at org.testng.remote.RemoteTestNG.initAndRun(RemoteTestNG.java:251)
	at org.testng.remote.RemoteTestNG.main(RemoteTestNG.java:77)

	at nsf.ecap.Client_Suite.TestSuiteBase_CLNT.fnsLoading_Progressingwait(TestSuiteBase_CLNT.java:2187)
	at nsf.ecap.Client_Suite.CreateClient.Create_Client_(CreateClient.java:177)
	at sun.reflect.NativeMethodAccessorImpl.invoke0(Native Method)
	at sun.reflect.NativeMethodAccessorImpl.invoke(NativeMethodAccessorImpl.java:62)
	at sun.reflect.DelegatingMethodAccessorImpl.invoke(DelegatingMethodAccessorImpl.java:43)
	at java.lang.reflect.Method.invoke(Method.java:498)
	at org.testng.internal.MethodInvocationHelper.invokeMethod(MethodInvocationHelper.java:133)
	at org.testng.internal.TestInvoker.invokeMethod(TestInvoker.java:598)
	at org.testng.internal.TestInvoker.invokeTestMethod(TestInvoker.java:173)
	at org.testng.internal.MethodRunner.runInSequence(MethodRunner.java:46)
	at org.testng.internal.TestInvoker$MethodInvocationAgent.invoke(TestInvoker.java:824)
	at org.testng.internal.TestInvoker.invokeTestMethods(TestInvoker.java:146)
	at org.testng.internal.TestMethodWorker.invokeTestMethods(TestMethodWorker.java:146)
	at org.testng.internal.TestMethodWorker.run(TestMethodWorker.java:128)
	at java.util.ArrayList.forEach(ArrayList.java:1257)
	at org.testng.TestRunner.privateRun(TestRunner.java:794)
	at org.testng.TestRunner.run(TestRunner.java:596)
	at org.testng.SuiteRunner.runTest(SuiteRunner.java:377)
	at org.testng.SuiteRunner.runSequentially(SuiteRunner.java:371)
	at org.testng.SuiteRunner.privateRun(SuiteRunner.java:332)
	at org.testng.SuiteRunner.run(SuiteRunner.java:276)
	at org.testng.SuiteRunnerWorker.runSuite(SuiteRunnerWorker.java:53)
	at org.testng.SuiteRunnerWorker.run(SuiteRunnerWorker.java:96)
	at org.testng.TestNG.runSuitesSequentially(TestNG.java:1212)
	at org.testng.TestNG.runSuitesSequentially(TestNG.java:1207)
	at org.testng.TestNG.runSuitesLocally(TestNG.java:1134)
	at org.testng.TestNG.runSuites(TestNG.java:1063)
	at org.testng.TestNG.run(TestNG.java:1031)
	at org.testng.remote.AbstractRemoteTestNG.run(AbstractRemoteTestNG.java:115)
	at org.testng.remote.RemoteTestNG.initAndRun(RemoteTestNG.java:251)
	at org.testng.remote.RemoteTestNG.main(RemoteTestNG.java:77)
<br/>
</div>
</td>
<td><div><pre>java.lang.Exception:  java.lang.Exception: Getting Un-Expected Application Error &lt;We are sorry...an unexpected error has occurred. Details have been forwarded to the Application Support Team for investigation. If the problem persists, please submit an issue on the Apps Portal.&gt;, please refer screenshot &gt;&gt; UnExpectedError_16.06.2022_10.13.53*****  &lt; //div[@class=&apos;blockUI blockOverlay&apos;] &gt;  Exception (java.lang.IllegalArgumentException
	at nsf.ecap.Client_Suite.TestSuiteBase_CLNT.fnsLoading_Progressingwait(TestSuiteBase_CLNT.java:2179)
	at nsf.ecap.Client_Suite.CreateClient.Create_Client_(CreateClient.java:177)
	at java.util.ArrayList.forEach(ArrayList.java:1257)

	at nsf.ecap.Client_Suite.TestSuiteBase_CLNT.fnsLoading_Progressingwait(TestSuiteBase_CLNT.java:2187)
	at nsf.ecap.Client_Suite.CreateClient.Create_Client_(CreateClient.java:177)
	at java.util.ArrayList.forEach(ArrayList.java:1257)

	at nsf.ecap.Client_Suite.CreateClient.Create_Client_(CreateClient.java:348)
	at java.util.ArrayList.forEach(ArrayList.java:1257)
... Removed 84 stack frames</pre></div><a href='#' onClick='toggleBox("stack-trace477643715", this, "Click to show all stack frames", "Click to hide stack frames")'>Click to show all stack frames</a>
<div class='stack-trace' id='stack-trace477643715'><pre>java.lang.Exception:  java.lang.Exception: Getting Un-Expected Application Error &lt;We are sorry...an unexpected error has occurred. Details have been forwarded to the Application Support Team for investigation. If the problem persists, please submit an issue on the Apps Portal.&gt;, please refer screenshot &gt;&gt; UnExpectedError_16.06.2022_10.13.53*****  &lt; //div[@class=&apos;blockUI blockOverlay&apos;] &gt;  Exception (java.lang.IllegalArgumentException
	at nsf.ecap.Client_Suite.TestSuiteBase_CLNT.fnsLoading_Progressingwait(TestSuiteBase_CLNT.java:2179)
	at nsf.ecap.Client_Suite.CreateClient.Create_Client_(CreateClient.java:177)
	at sun.reflect.NativeMethodAccessorImpl.invoke0(Native Method)
	at sun.reflect.NativeMethodAccessorImpl.invoke(NativeMethodAccessorImpl.java:62)
	at sun.reflect.DelegatingMethodAccessorImpl.invoke(DelegatingMethodAccessorImpl.java:43)
	at java.lang.reflect.Method.invoke(Method.java:498)
	at org.testng.internal.MethodInvocationHelper.invokeMethod(MethodInvocationHelper.java:133)
	at org.testng.internal.TestInvoker.invokeMethod(TestInvoker.java:598)
	at org.testng.internal.TestInvoker.invokeTestMethod(TestInvoker.java:173)
	at org.testng.internal.MethodRunner.runInSequence(MethodRunner.java:46)
	at org.testng.internal.TestInvoker$MethodInvocationAgent.invoke(TestInvoker.java:824)
	at org.testng.internal.TestInvoker.invokeTestMethods(TestInvoker.java:146)
	at org.testng.internal.TestMethodWorker.invokeTestMethods(TestMethodWorker.java:146)
	at org.testng.internal.TestMethodWorker.run(TestMethodWorker.java:128)
	at java.util.ArrayList.forEach(ArrayList.java:1257)
	at org.testng.TestRunner.privateRun(TestRunner.java:794)
	at org.testng.TestRunner.run(TestRunner.java:596)
	at org.testng.SuiteRunner.runTest(SuiteRunner.java:377)
	at org.testng.SuiteRunner.runSequentially(SuiteRunner.java:371)
	at org.testng.SuiteRunner.privateRun(SuiteRunner.java:332)
	at org.testng.SuiteRunner.run(SuiteRunner.java:276)
	at org.testng.SuiteRunnerWorker.runSuite(SuiteRunnerWorker.java:53)
	at org.testng.SuiteRunnerWorker.run(SuiteRunnerWorker.java:96)
	at org.testng.TestNG.runSuitesSequentially(TestNG.java:1212)
	at org.testng.TestNG.runSuitesSequentially(TestNG.java:1207)
	at org.testng.TestNG.runSuitesLocally(TestNG.java:1134)
	at org.testng.TestNG.runSuites(TestNG.java:1063)
	at org.testng.TestNG.run(TestNG.java:1031)
	at org.testng.remote.AbstractRemoteTestNG.run(AbstractRemoteTestNG.java:115)
	at org.testng.remote.RemoteTestNG.initAndRun(RemoteTestNG.java:251)
	at org.testng.remote.RemoteTestNG.main(RemoteTestNG.java:77)

	at nsf.ecap.Client_Suite.TestSuiteBase_CLNT.fnsLoading_Progressingwait(TestSuiteBase_CLNT.java:2187)
	at nsf.ecap.Client_Suite.CreateClient.Create_Client_(CreateClient.java:177)
	at sun.reflect.NativeMethodAccessorImpl.invoke0(Native Method)
	at sun.reflect.NativeMethodAccessorImpl.invoke(NativeMethodAccessorImpl.java:62)
	at sun.reflect.DelegatingMethodAccessorImpl.invoke(DelegatingMethodAccessorImpl.java:43)
	at java.lang.reflect.Method.invoke(Method.java:498)
	at org.testng.internal.MethodInvocationHelper.invokeMethod(MethodInvocationHelper.java:133)
	at org.testng.internal.TestInvoker.invokeMethod(TestInvoker.java:598)
	at org.testng.internal.TestInvoker.invokeTestMethod(TestInvoker.java:173)
	at org.testng.internal.MethodRunner.runInSequence(MethodRunner.java:46)
	at org.testng.internal.TestInvoker$MethodInvocationAgent.invoke(TestInvoker.java:824)
	at org.testng.internal.TestInvoker.invokeTestMethods(TestInvoker.java:146)
	at org.testng.internal.TestMethodWorker.invokeTestMethods(TestMethodWorker.java:146)
	at org.testng.internal.TestMethodWorker.run(TestMethodWorker.java:128)
	at java.util.ArrayList.forEach(ArrayList.java:1257)
	at org.testng.TestRunner.privateRun(TestRunner.java:794)
	at org.testng.TestRunner.run(TestRunner.java:596)
	at org.testng.SuiteRunner.runTest(SuiteRunner.java:377)
	at org.testng.SuiteRunner.runSequentially(SuiteRunner.java:371)
	at org.testng.SuiteRunner.privateRun(SuiteRunner.java:332)
	at org.testng.SuiteRunner.run(SuiteRunner.java:276)
	at org.testng.SuiteRunnerWorker.runSuite(SuiteRunnerWorker.java:53)
	at org.testng.SuiteRunnerWorker.run(SuiteRunnerWorker.java:96)
	at org.testng.TestNG.runSuitesSequentially(TestNG.java:1212)
	at org.testng.TestNG.runSuitesSequentially(TestNG.java:1207)
	at org.testng.TestNG.runSuitesLocally(TestNG.java:1134)
	at org.testng.TestNG.runSuites(TestNG.java:1063)
	at org.testng.TestNG.run(TestNG.java:1031)
	at org.testng.remote.AbstractRemoteTestNG.run(AbstractRemoteTestNG.java:115)
	at org.testng.remote.RemoteTestNG.initAndRun(RemoteTestNG.java:251)
	at org.testng.remote.RemoteTestNG.main(RemoteTestNG.java:77)

	at nsf.ecap.Client_Suite.CreateClient.Create_Client_(CreateClient.java:348)
	at sun.reflect.NativeMethodAccessorImpl.invoke0(Native Method)
	at sun.reflect.NativeMethodAccessorImpl.invoke(NativeMethodAccessorImpl.java:62)
	at sun.reflect.DelegatingMethodAccessorImpl.invoke(DelegatingMethodAccessorImpl.java:43)
	at java.lang.reflect.Method.invoke(Method.java:498)
	at org.testng.internal.MethodInvocationHelper.invokeMethod(MethodInvocationHelper.java:133)
	at org.testng.internal.TestInvoker.invokeMethod(TestInvoker.java:598)
	at org.testng.internal.TestInvoker.invokeTestMethod(TestInvoker.java:173)
	at org.testng.internal.MethodRunner.runInSequence(MethodRunner.java:46)
	at org.testng.internal.TestInvoker$MethodInvocationAgent.invoke(TestInvoker.java:824)
	at org.testng.internal.TestInvoker.invokeTestMethods(TestInvoker.java:146)
	at org.testng.internal.TestMethodWorker.invokeTestMethods(TestMethodWorker.java:146)
	at org.testng.internal.TestMethodWorker.run(TestMethodWorker.java:128)
	at java.util.ArrayList.forEach(ArrayList.java:1257)
	at org.testng.TestRunner.privateRun(TestRunner.java:794)
	at org.testng.TestRunner.run(TestRunner.java:596)
	at org.testng.SuiteRunner.runTest(SuiteRunner.java:377)
	at org.testng.SuiteRunner.runSequentially(SuiteRunner.java:371)
	at org.testng.SuiteRunner.privateRun(SuiteRunner.java:332)
	at org.testng.SuiteRunner.run(SuiteRunner.java:276)
	at org.testng.SuiteRunnerWorker.runSuite(SuiteRunnerWorker.java:53)
	at org.testng.SuiteRunnerWorker.run(SuiteRunnerWorker.java:96)
	at org.testng.TestNG.runSuitesSequentially(TestNG.java:1212)
	at org.testng.TestNG.runSuitesSequentially(TestNG.java:1207)
	at org.testng.TestNG.runSuitesLocally(TestNG.java:1134)
	at org.testng.TestNG.runSuites(TestNG.java:1063)
	at org.testng.TestNG.run(TestNG.java:1031)
	at org.testng.remote.AbstractRemoteTestNG.run(AbstractRemoteTestNG.java:115)
	at org.testng.remote.RemoteTestNG.initAndRun(RemoteTestNG.java:251)
	at org.testng.remote.RemoteTestNG.main(RemoteTestNG.java:77)
</pre></div></td>
<td>43</td>
<td>nsf.ecap.Client_Suite.CreateClient@561b6512</td></tr>
<tr>
<td title='nsf.ecap.Client_Suite.CreateClient.Create_Client_()'><b>Create_Client_</b><br>Test class: nsf.ecap.Client_Suite.CreateClient<br>Parameters: Case#=2_b, CreateClient_ISR_PL<br/>
<a href="#Output-1777178337" onClick='toggleBox("Output-1777178337", this, "Show output", "Hide output");'>Show output</a>

<a href="#Output-1777178337" onClick="toggleAllBoxes();">Show all outputs</a>
<div class='log' id="Output-1777178337">
16-06-2022 10:13:53  =========================================================================================================================================<br/>
16-06-2022 10:13:53  ****************************************************************************************************************************************<br/>
16-06-2022 10:13:53  ################################## Execution Logs of  Case#=2_b for Scenario [CreateClient_ISR_PL].<br/>
16-06-2022 10:13:53  ###################################################### Test Case#=2_b for Scenario [CreateClient_ISR_PL]<br/>
16-06-2022 10:13:53   java.lang.Exception: FAILED == 'CO' Client id is not found, please run CO and PL scenarios together.
	at nsf.ecap.Client_Suite.CreateClient.Create_Client_(CreateClient.java:224)
	at sun.reflect.NativeMethodAccessorImpl.invoke0(Native Method)
	at sun.reflect.NativeMethodAccessorImpl.invoke(NativeMethodAccessorImpl.java:62)
	at sun.reflect.DelegatingMethodAccessorImpl.invoke(DelegatingMethodAccessorImpl.java:43)
	at java.lang.reflect.Method.invoke(Method.java:498)
	at org.testng.internal.MethodInvocationHelper.invokeMethod(MethodInvocationHelper.java:133)
	at org.testng.internal.TestInvoker.invokeMethod(TestInvoker.java:598)
	at org.testng.internal.TestInvoker.invokeTestMethod(TestInvoker.java:173)
	at org.testng.internal.MethodRunner.runInSequence(MethodRunner.java:46)
	at org.testng.internal.TestInvoker$MethodInvocationAgent.invoke(TestInvoker.java:824)
	at org.testng.internal.TestInvoker.invokeTestMethods(TestInvoker.java:146)
	at org.testng.internal.TestMethodWorker.invokeTestMethods(TestMethodWorker.java:146)
	at org.testng.internal.TestMethodWorker.run(TestMethodWorker.java:128)
	at java.util.ArrayList.forEach(ArrayList.java:1257)
	at org.testng.TestRunner.privateRun(TestRunner.java:794)
	at org.testng.TestRunner.run(TestRunner.java:596)
	at org.testng.SuiteRunner.runTest(SuiteRunner.java:377)
	at org.testng.SuiteRunner.runSequentially(SuiteRunner.java:371)
	at org.testng.SuiteRunner.privateRun(SuiteRunner.java:332)
	at org.testng.SuiteRunner.run(SuiteRunner.java:276)
	at org.testng.SuiteRunnerWorker.runSuite(SuiteRunnerWorker.java:53)
	at org.testng.SuiteRunnerWorker.run(SuiteRunnerWorker.java:96)
	at org.testng.TestNG.runSuitesSequentially(TestNG.java:1212)
	at org.testng.TestNG.runSuitesSequentially(TestNG.java:1207)
	at org.testng.TestNG.runSuitesLocally(TestNG.java:1134)
	at org.testng.TestNG.runSuites(TestNG.java:1063)
	at org.testng.TestNG.run(TestNG.java:1031)
	at org.testng.remote.AbstractRemoteTestNG.run(AbstractRemoteTestNG.java:115)
	at org.testng.remote.RemoteTestNG.initAndRun(RemoteTestNG.java:251)
	at org.testng.remote.RemoteTestNG.main(RemoteTestNG.java:77)
<br/>
</div>
</td>
<td><div><pre>java.lang.Exception:  java.lang.Exception: FAILED == &apos;CO&apos; Client id is not found, please run CO and PL scenarios together.
	at nsf.ecap.Client_Suite.CreateClient.Create_Client_(CreateClient.java:224)
	at java.util.ArrayList.forEach(ArrayList.java:1257)

	at nsf.ecap.Client_Suite.CreateClient.Create_Client_(CreateClient.java:348)
	at java.util.ArrayList.forEach(ArrayList.java:1257)
... Removed 56 stack frames</pre></div><a href='#' onClick='toggleBox("stack-trace1777178337", this, "Click to show all stack frames", "Click to hide stack frames")'>Click to show all stack frames</a>
<div class='stack-trace' id='stack-trace1777178337'><pre>java.lang.Exception:  java.lang.Exception: FAILED == &apos;CO&apos; Client id is not found, please run CO and PL scenarios together.
	at nsf.ecap.Client_Suite.CreateClient.Create_Client_(CreateClient.java:224)
	at sun.reflect.NativeMethodAccessorImpl.invoke0(Native Method)
	at sun.reflect.NativeMethodAccessorImpl.invoke(NativeMethodAccessorImpl.java:62)
	at sun.reflect.DelegatingMethodAccessorImpl.invoke(DelegatingMethodAccessorImpl.java:43)
	at java.lang.reflect.Method.invoke(Method.java:498)
	at org.testng.internal.MethodInvocationHelper.invokeMethod(MethodInvocationHelper.java:133)
	at org.testng.internal.TestInvoker.invokeMethod(TestInvoker.java:598)
	at org.testng.internal.TestInvoker.invokeTestMethod(TestInvoker.java:173)
	at org.testng.internal.MethodRunner.runInSequence(MethodRunner.java:46)
	at org.testng.internal.TestInvoker$MethodInvocationAgent.invoke(TestInvoker.java:824)
	at org.testng.internal.TestInvoker.invokeTestMethods(TestInvoker.java:146)
	at org.testng.internal.TestMethodWorker.invokeTestMethods(TestMethodWorker.java:146)
	at org.testng.internal.TestMethodWorker.run(TestMethodWorker.java:128)
	at java.util.ArrayList.forEach(ArrayList.java:1257)
	at org.testng.TestRunner.privateRun(TestRunner.java:794)
	at org.testng.TestRunner.run(TestRunner.java:596)
	at org.testng.SuiteRunner.runTest(SuiteRunner.java:377)
	at org.testng.SuiteRunner.runSequentially(SuiteRunner.java:371)
	at org.testng.SuiteRunner.privateRun(SuiteRunner.java:332)
	at org.testng.SuiteRunner.run(SuiteRunner.java:276)
	at org.testng.SuiteRunnerWorker.runSuite(SuiteRunnerWorker.java:53)
	at org.testng.SuiteRunnerWorker.run(SuiteRunnerWorker.java:96)
	at org.testng.TestNG.runSuitesSequentially(TestNG.java:1212)
	at org.testng.TestNG.runSuitesSequentially(TestNG.java:1207)
	at org.testng.TestNG.runSuitesLocally(TestNG.java:1134)
	at org.testng.TestNG.runSuites(TestNG.java:1063)
	at org.testng.TestNG.run(TestNG.java:1031)
	at org.testng.remote.AbstractRemoteTestNG.run(AbstractRemoteTestNG.java:115)
	at org.testng.remote.RemoteTestNG.initAndRun(RemoteTestNG.java:251)
	at org.testng.remote.RemoteTestNG.main(RemoteTestNG.java:77)

	at nsf.ecap.Client_Suite.CreateClient.Create_Client_(CreateClient.java:348)
	at sun.reflect.NativeMethodAccessorImpl.invoke0(Native Method)
	at sun.reflect.NativeMethodAccessorImpl.invoke(NativeMethodAccessorImpl.java:62)
	at sun.reflect.DelegatingMethodAccessorImpl.invoke(DelegatingMethodAccessorImpl.java:43)
	at java.lang.reflect.Method.invoke(Method.java:498)
	at org.testng.internal.MethodInvocationHelper.invokeMethod(MethodInvocationHelper.java:133)
	at org.testng.internal.TestInvoker.invokeMethod(TestInvoker.java:598)
	at org.testng.internal.TestInvoker.invokeTestMethod(TestInvoker.java:173)
	at org.testng.internal.MethodRunner.runInSequence(MethodRunner.java:46)
	at org.testng.internal.TestInvoker$MethodInvocationAgent.invoke(TestInvoker.java:824)
	at org.testng.internal.TestInvoker.invokeTestMethods(TestInvoker.java:146)
	at org.testng.internal.TestMethodWorker.invokeTestMethods(TestMethodWorker.java:146)
	at org.testng.internal.TestMethodWorker.run(TestMethodWorker.java:128)
	at java.util.ArrayList.forEach(ArrayList.java:1257)
	at org.testng.TestRunner.privateRun(TestRunner.java:794)
	at org.testng.TestRunner.run(TestRunner.java:596)
	at org.testng.SuiteRunner.runTest(SuiteRunner.java:377)
	at org.testng.SuiteRunner.runSequentially(SuiteRunner.java:371)
	at org.testng.SuiteRunner.privateRun(SuiteRunner.java:332)
	at org.testng.SuiteRunner.run(SuiteRunner.java:276)
	at org.testng.SuiteRunnerWorker.runSuite(SuiteRunnerWorker.java:53)
	at org.testng.SuiteRunnerWorker.run(SuiteRunnerWorker.java:96)
	at org.testng.TestNG.runSuitesSequentially(TestNG.java:1212)
	at org.testng.TestNG.runSuitesSequentially(TestNG.java:1207)
	at org.testng.TestNG.runSuitesLocally(TestNG.java:1134)
	at org.testng.TestNG.runSuites(TestNG.java:1063)
	at org.testng.TestNG.run(TestNG.java:1031)
	at org.testng.remote.AbstractRemoteTestNG.run(AbstractRemoteTestNG.java:115)
	at org.testng.remote.RemoteTestNG.initAndRun(RemoteTestNG.java:251)
	at org.testng.remote.RemoteTestNG.main(RemoteTestNG.java:77)
</pre></div></td>
<td>0</td>
<td>nsf.ecap.Client_Suite.CreateClient@561b6512</td></tr>
</table><p>
<table width='100%' border='1' class='invocation-passed'>
<tr><td colspan='4' align='center'><b>PASSED TESTS</b></td></tr>
<tr><td><b>Test method</b></td>
<td width="30%"><b>Exception</b></td>
<td width="10%"><b>Time (seconds)</b></td>
<td><b>Instance</b></td>
</tr>
<tr>
<td title='nsf.ecap.Client_Suite.CreateClient.Launch_Browser_and_Successfully_Login_into_the_Application()'><b>Launch_Browser_and_Successfully_Login_into_the_Application</b><br>Test class: nsf.ecap.Client_Suite.CreateClient<br/>
<a href="#Output-87845070" onClick='toggleBox("Output-87845070", this, "Show output", "Hide output");'>Show output</a>

<a href="#Output-87845070" onClick="toggleAllBoxes();">Show all outputs</a>
<div class='log' id="Output-87845070">
16-06-2022 10:11:25  ################################## [BS - 01]  CreateClient<br/>
16-06-2022 10:11:27  Application credentials are URL[ https://testapps.nsf.org/trunkecap/index.jsp ], UserName[ testscriptuser ].<br/>
16-06-2022 10:11:34  PASSED == Element is Visible having Xpath  >> //input[@name='loginfmt']<br/>
16-06-2022 10:11:34  PASSED == Successfully Type Value<testscriptuser@nsf.org> on Element having Xpath  >> MicrosoftOnline_Signin_Input<br/>
16-06-2022 10:11:34  PASSED == Element is Visible having Xpath  >> //input[@type='submit']<br/>
16-06-2022 10:11:34  PASSED == Click done on Element having Xpath >> //input[@type='submit']<br/>
16-06-2022 10:11:39  PASSED == ********* Successfulluy Executed the Autoit script for SSO login having exe file path [ C:\Users\antyagi\Documents\AzureDevopsPipeline\i-Pulse\AutoIt_scripts\sso_chrome.exe ]<br/>
16-06-2022 10:12:10  *********  Pause/Wait is for < 1 > seconds.  *****  <br/>
16-06-2022 10:12:10  PASSED == Element is Visible having Xpath  >> Acknowledge_bttn<br/>
16-06-2022 10:12:13  PASSED == Successfully Click on Element having Xpath >> Acknowledge_bttn<br/>
16-06-2022 10:12:18  *********  Pause/Wait is for < 4 > seconds.  *****  <br/>
16-06-2022 10:12:19  PASSED == Element is Visible having Xpath  >> .//*[@id='footer']<br/>
16-06-2022 10:12:20  PASSED == Element is Visible having Xpath  >> .//*[@id='headerForm:logImg']<br/>
16-06-2022 10:12:23  PASSED == Successfully Click on Element having Xpath >> Ipulse_Version_Dialog_Close_Bttn<br/>
16-06-2022 10:12:24  Browser is launched and Successfully login into Application<br/>
</div>
</td>
<td></td>
<td>58</td>
<td>nsf.ecap.Client_Suite.CreateClient@561b6512</td></tr>
</table><p>
</body>
</html>